{"/home/user/chess-math-mastermind/src/features/chess/constants.ts": {"path":"/home/user/chess-math-mastermind/src/features/chess/constants.ts","all":false,"statementMap":{"0":{"start":{"line":1,"column":0},"end":{"line":1,"column":0}},"1":{"start":{"line":2,"column":0},"end":{"line":2,"column":37}},"2":{"start":{"line":3,"column":0},"end":{"line":3,"column":0}},"3":{"start":{"line":4,"column":0},"end":{"line":4,"column":48}},"4":{"start":{"line":5,"column":0},"end":{"line":5,"column":51}},"5":{"start":{"line":6,"column":0},"end":{"line":6,"column":51}},"6":{"start":{"line":7,"column":0},"end":{"line":7,"column":51}},"7":{"start":{"line":8,"column":0},"end":{"line":8,"column":51}},"8":{"start":{"line":9,"column":0},"end":{"line":9,"column":51}},"9":{"start":{"line":10,"column":0},"end":{"line":10,"column":51}},"10":{"start":{"line":11,"column":0},"end":{"line":11,"column":51}},"11":{"start":{"line":12,"column":0},"end":{"line":12,"column":51}},"12":{"start":{"line":13,"column":0},"end":{"line":13,"column":2}},"13":{"start":{"line":14,"column":0},"end":{"line":14,"column":0}},"14":{"start":{"line":15,"column":0},"end":{"line":15,"column":80}}},"s":{"0":1,"1":1,"2":1,"3":1,"4":1,"5":1,"6":1,"7":1,"8":1,"9":1,"10":1,"11":1,"12":1,"13":1,"14":1},"branchMap":{},"b":{},"fnMap":{},"f":{}}
,"/home/user/chess-math-mastermind/src/features/chess/utils/ai.ts": {"path":"/home/user/chess-math-mastermind/src/features/chess/utils/ai.ts","all":false,"statementMap":{"0":{"start":{"line":1,"column":0},"end":{"line":1,"column":57}},"1":{"start":{"line":2,"column":0},"end":{"line":2,"column":43}},"2":{"start":{"line":3,"column":0},"end":{"line":3,"column":55}},"3":{"start":{"line":4,"column":0},"end":{"line":4,"column":40}},"4":{"start":{"line":5,"column":0},"end":{"line":5,"column":0}},"5":{"start":{"line":6,"column":0},"end":{"line":6,"column":31}},"6":{"start":{"line":7,"column":0},"end":{"line":7,"column":18}},"7":{"start":{"line":8,"column":0},"end":{"line":8,"column":16}},"8":{"start":{"line":9,"column":0},"end":{"line":9,"column":42}},"9":{"start":{"line":10,"column":0},"end":{"line":10,"column":1}},"10":{"start":{"line":11,"column":0},"end":{"line":11,"column":0}},"11":{"start":{"line":12,"column":0},"end":{"line":12,"column":55}},"12":{"start":{"line":13,"column":0},"end":{"line":13,"column":52}},"13":{"start":{"line":14,"column":0},"end":{"line":14,"column":116}},"14":{"start":{"line":15,"column":0},"end":{"line":15,"column":31}},"15":{"start":{"line":16,"column":0},"end":{"line":16,"column":33}},"16":{"start":{"line":17,"column":0},"end":{"line":17,"column":32}},"17":{"start":{"line":18,"column":0},"end":{"line":18,"column":46}},"18":{"start":{"line":19,"column":0},"end":{"line":19,"column":67}},"19":{"start":{"line":20,"column":0},"end":{"line":20,"column":75}},"20":{"start":{"line":21,"column":0},"end":{"line":21,"column":102}},"21":{"start":{"line":22,"column":0},"end":{"line":22,"column":53}},"22":{"start":{"line":23,"column":0},"end":{"line":23,"column":54}},"23":{"start":{"line":24,"column":0},"end":{"line":24,"column":35}},"24":{"start":{"line":25,"column":0},"end":{"line":25,"column":54}},"25":{"start":{"line":26,"column":0},"end":{"line":26,"column":28}},"26":{"start":{"line":27,"column":0},"end":{"line":27,"column":13}},"27":{"start":{"line":28,"column":0},"end":{"line":28,"column":9}},"28":{"start":{"line":29,"column":0},"end":{"line":29,"column":7}},"29":{"start":{"line":30,"column":0},"end":{"line":30,"column":5}},"30":{"start":{"line":31,"column":0},"end":{"line":31,"column":3}},"31":{"start":{"line":32,"column":0},"end":{"line":32,"column":15}},"32":{"start":{"line":33,"column":0},"end":{"line":33,"column":2}},"33":{"start":{"line":34,"column":0},"end":{"line":34,"column":0}},"34":{"start":{"line":35,"column":0},"end":{"line":35,"column":103}},"35":{"start":{"line":36,"column":0},"end":{"line":36,"column":33}},"36":{"start":{"line":37,"column":0},"end":{"line":37,"column":37}},"37":{"start":{"line":38,"column":0},"end":{"line":38,"column":50}},"38":{"start":{"line":39,"column":0},"end":{"line":39,"column":42}},"39":{"start":{"line":40,"column":0},"end":{"line":40,"column":13}},"40":{"start":{"line":41,"column":0},"end":{"line":41,"column":9}},"41":{"start":{"line":42,"column":0},"end":{"line":42,"column":5}},"42":{"start":{"line":43,"column":0},"end":{"line":43,"column":16}},"43":{"start":{"line":44,"column":0},"end":{"line":44,"column":2}},"44":{"start":{"line":45,"column":0},"end":{"line":45,"column":0}},"45":{"start":{"line":46,"column":0},"end":{"line":46,"column":97}},"46":{"start":{"line":47,"column":0},"end":{"line":47,"column":51}},"47":{"start":{"line":48,"column":0},"end":{"line":48,"column":27}},"48":{"start":{"line":49,"column":0},"end":{"line":49,"column":0}},"49":{"start":{"line":50,"column":0},"end":{"line":50,"column":24}},"50":{"start":{"line":51,"column":0},"end":{"line":51,"column":54}},"51":{"start":{"line":52,"column":0},"end":{"line":52,"column":38}},"52":{"start":{"line":53,"column":0},"end":{"line":53,"column":42}},"53":{"start":{"line":54,"column":0},"end":{"line":54,"column":47}},"54":{"start":{"line":55,"column":0},"end":{"line":55,"column":39}},"55":{"start":{"line":56,"column":0},"end":{"line":56,"column":39}},"56":{"start":{"line":57,"column":0},"end":{"line":57,"column":53}},"57":{"start":{"line":58,"column":0},"end":{"line":58,"column":42}},"58":{"start":{"line":59,"column":0},"end":{"line":59,"column":56}},"59":{"start":{"line":60,"column":0},"end":{"line":60,"column":74}},"60":{"start":{"line":61,"column":0},"end":{"line":61,"column":62}},"61":{"start":{"line":62,"column":0},"end":{"line":62,"column":89}},"62":{"start":{"line":63,"column":0},"end":{"line":63,"column":59}},"63":{"start":{"line":64,"column":0},"end":{"line":64,"column":17}},"64":{"start":{"line":65,"column":0},"end":{"line":65,"column":13}},"65":{"start":{"line":66,"column":0},"end":{"line":66,"column":9}},"66":{"start":{"line":67,"column":0},"end":{"line":67,"column":5}},"67":{"start":{"line":68,"column":0},"end":{"line":68,"column":23}},"68":{"start":{"line":69,"column":0},"end":{"line":69,"column":2}},"69":{"start":{"line":70,"column":0},"end":{"line":70,"column":0}},"70":{"start":{"line":71,"column":0},"end":{"line":71,"column":29}},"71":{"start":{"line":72,"column":0},"end":{"line":72,"column":170}},"72":{"start":{"line":73,"column":0},"end":{"line":73,"column":38}},"73":{"start":{"line":74,"column":0},"end":{"line":74,"column":40}},"74":{"start":{"line":75,"column":0},"end":{"line":75,"column":2}},"75":{"start":{"line":76,"column":0},"end":{"line":76,"column":42}},"76":{"start":{"line":77,"column":0},"end":{"line":77,"column":37}},"77":{"start":{"line":78,"column":0},"end":{"line":78,"column":39}},"78":{"start":{"line":79,"column":0},"end":{"line":79,"column":36}},"79":{"start":{"line":80,"column":0},"end":{"line":80,"column":44}},"80":{"start":{"line":81,"column":0},"end":{"line":81,"column":49}},"81":{"start":{"line":82,"column":0},"end":{"line":82,"column":51}},"82":{"start":{"line":83,"column":0},"end":{"line":83,"column":97}},"83":{"start":{"line":84,"column":0},"end":{"line":84,"column":55}},"84":{"start":{"line":85,"column":0},"end":{"line":85,"column":46}},"85":{"start":{"line":86,"column":0},"end":{"line":86,"column":41}},"86":{"start":{"line":87,"column":0},"end":{"line":87,"column":54}},"87":{"start":{"line":88,"column":0},"end":{"line":88,"column":36}},"88":{"start":{"line":89,"column":0},"end":{"line":89,"column":37}},"89":{"start":{"line":90,"column":0},"end":{"line":90,"column":49}},"90":{"start":{"line":91,"column":0},"end":{"line":91,"column":24}},"91":{"start":{"line":92,"column":0},"end":{"line":92,"column":48}},"92":{"start":{"line":93,"column":0},"end":{"line":93,"column":39}},"93":{"start":{"line":94,"column":0},"end":{"line":94,"column":19}},"94":{"start":{"line":95,"column":0},"end":{"line":95,"column":15}},"95":{"start":{"line":96,"column":0},"end":{"line":96,"column":13}},"96":{"start":{"line":97,"column":0},"end":{"line":97,"column":11}},"97":{"start":{"line":98,"column":0},"end":{"line":98,"column":9}},"98":{"start":{"line":99,"column":0},"end":{"line":99,"column":7}},"99":{"start":{"line":100,"column":0},"end":{"line":100,"column":5}},"100":{"start":{"line":101,"column":0},"end":{"line":101,"column":3}},"101":{"start":{"line":102,"column":0},"end":{"line":102,"column":2}},"102":{"start":{"line":103,"column":0},"end":{"line":103,"column":46}},"103":{"start":{"line":104,"column":0},"end":{"line":104,"column":0}},"104":{"start":{"line":105,"column":0},"end":{"line":105,"column":30}},"105":{"start":{"line":106,"column":0},"end":{"line":106,"column":44}},"106":{"start":{"line":107,"column":0},"end":{"line":107,"column":81}},"107":{"start":{"line":108,"column":0},"end":{"line":108,"column":75}},"108":{"start":{"line":109,"column":0},"end":{"line":109,"column":3}},"109":{"start":{"line":110,"column":0},"end":{"line":110,"column":0}},"110":{"start":{"line":111,"column":0},"end":{"line":111,"column":61}},"111":{"start":{"line":112,"column":0},"end":{"line":112,"column":28}},"112":{"start":{"line":113,"column":0},"end":{"line":113,"column":34}},"113":{"start":{"line":114,"column":0},"end":{"line":114,"column":58}},"114":{"start":{"line":115,"column":0},"end":{"line":115,"column":0}},"115":{"start":{"line":116,"column":0},"end":{"line":116,"column":37}},"116":{"start":{"line":117,"column":0},"end":{"line":117,"column":18}},"117":{"start":{"line":118,"column":0},"end":{"line":118,"column":45}},"118":{"start":{"line":119,"column":0},"end":{"line":119,"column":53}},"119":{"start":{"line":120,"column":0},"end":{"line":120,"column":51}},"120":{"start":{"line":121,"column":0},"end":{"line":121,"column":0}},"121":{"start":{"line":122,"column":0},"end":{"line":122,"column":104}},"122":{"start":{"line":123,"column":0},"end":{"line":123,"column":85}},"123":{"start":{"line":124,"column":0},"end":{"line":124,"column":0}},"124":{"start":{"line":125,"column":0},"end":{"line":125,"column":32}},"125":{"start":{"line":126,"column":0},"end":{"line":126,"column":0}},"126":{"start":{"line":127,"column":0},"end":{"line":127,"column":34}},"127":{"start":{"line":128,"column":0},"end":{"line":128,"column":58}},"128":{"start":{"line":129,"column":0},"end":{"line":129,"column":59}},"129":{"start":{"line":130,"column":0},"end":{"line":130,"column":40}},"130":{"start":{"line":131,"column":0},"end":{"line":131,"column":7}},"131":{"start":{"line":132,"column":0},"end":{"line":132,"column":22}},"132":{"start":{"line":133,"column":0},"end":{"line":133,"column":27}},"133":{"start":{"line":134,"column":0},"end":{"line":134,"column":34}},"134":{"start":{"line":135,"column":0},"end":{"line":135,"column":6}},"135":{"start":{"line":136,"column":0},"end":{"line":136,"column":60}},"136":{"start":{"line":137,"column":0},"end":{"line":137,"column":59}},"137":{"start":{"line":138,"column":0},"end":{"line":138,"column":34}},"138":{"start":{"line":139,"column":0},"end":{"line":139,"column":7}},"139":{"start":{"line":140,"column":0},"end":{"line":140,"column":0}},"140":{"start":{"line":141,"column":0},"end":{"line":141,"column":72}},"141":{"start":{"line":142,"column":0},"end":{"line":142,"column":96}},"142":{"start":{"line":143,"column":0},"end":{"line":143,"column":53}},"143":{"start":{"line":144,"column":0},"end":{"line":144,"column":23}},"144":{"start":{"line":145,"column":0},"end":{"line":145,"column":7}},"145":{"start":{"line":146,"column":0},"end":{"line":146,"column":0}},"146":{"start":{"line":147,"column":0},"end":{"line":147,"column":73}},"147":{"start":{"line":148,"column":0},"end":{"line":148,"column":50}},"148":{"start":{"line":149,"column":0},"end":{"line":149,"column":95}},"149":{"start":{"line":150,"column":0},"end":{"line":150,"column":21}},"150":{"start":{"line":151,"column":0},"end":{"line":151,"column":7}},"151":{"start":{"line":152,"column":0},"end":{"line":152,"column":0}},"152":{"start":{"line":153,"column":0},"end":{"line":153,"column":20}},"153":{"start":{"line":154,"column":0},"end":{"line":154,"column":108}},"154":{"start":{"line":155,"column":0},"end":{"line":155,"column":100}},"155":{"start":{"line":156,"column":0},"end":{"line":156,"column":0}},"156":{"start":{"line":157,"column":0},"end":{"line":157,"column":28}},"157":{"start":{"line":158,"column":0},"end":{"line":158,"column":47}},"158":{"start":{"line":159,"column":0},"end":{"line":159,"column":23}},"159":{"start":{"line":160,"column":0},"end":{"line":160,"column":7}},"160":{"start":{"line":161,"column":0},"end":{"line":161,"column":5}},"161":{"start":{"line":162,"column":0},"end":{"line":162,"column":4}},"162":{"start":{"line":163,"column":0},"end":{"line":163,"column":28}},"163":{"start":{"line":164,"column":0},"end":{"line":164,"column":24}},"164":{"start":{"line":165,"column":0},"end":{"line":165,"column":25}},"165":{"start":{"line":166,"column":0},"end":{"line":166,"column":37}},"166":{"start":{"line":167,"column":0},"end":{"line":167,"column":27}},"167":{"start":{"line":168,"column":0},"end":{"line":168,"column":5}},"168":{"start":{"line":169,"column":0},"end":{"line":169,"column":3}},"169":{"start":{"line":170,"column":0},"end":{"line":170,"column":2}},"170":{"start":{"line":171,"column":0},"end":{"line":171,"column":112}},"171":{"start":{"line":172,"column":0},"end":{"line":172,"column":50}},"172":{"start":{"line":173,"column":0},"end":{"line":173,"column":83}},"173":{"start":{"line":174,"column":0},"end":{"line":174,"column":85}},"174":{"start":{"line":175,"column":0},"end":{"line":175,"column":3}},"175":{"start":{"line":176,"column":0},"end":{"line":176,"column":0}},"176":{"start":{"line":177,"column":0},"end":{"line":177,"column":29}},"177":{"start":{"line":178,"column":0},"end":{"line":178,"column":73}},"178":{"start":{"line":179,"column":0},"end":{"line":179,"column":83}},"179":{"start":{"line":180,"column":0},"end":{"line":180,"column":3}},"180":{"start":{"line":181,"column":0},"end":{"line":181,"column":2}},"181":{"start":{"line":182,"column":0},"end":{"line":182,"column":59}},"182":{"start":{"line":183,"column":0},"end":{"line":183,"column":79}},"183":{"start":{"line":184,"column":0},"end":{"line":184,"column":81}},"184":{"start":{"line":185,"column":0},"end":{"line":185,"column":2}}},"s":{"0":1,"1":1,"2":1,"3":1,"4":1,"5":1,"6":1,"7":1,"8":1,"9":1,"10":1,"11":1,"12":1,"13":1,"14":0,"15":0,"16":0,"17":0,"18":0,"19":0,"20":0,"21":0,"22":0,"23":0,"24":0,"25":0,"26":0,"27":0,"28":0,"29":0,"30":0,"31":0,"32":0,"33":1,"34":1,"35":0,"36":0,"37":0,"38":0,"39":0,"40":0,"41":0,"42":0,"43":0,"44":1,"45":1,"46":0,"47":0,"48":0,"49":0,"50":0,"51":0,"52":0,"53":0,"54":0,"55":0,"56":0,"57":0,"58":0,"59":0,"60":0,"61":0,"62":0,"63":0,"64":0,"65":0,"66":0,"67":0,"68":0,"69":1,"70":1,"71":1,"72":2,"73":2,"74":2,"75":2,"76":2,"77":16,"78":128,"79":128,"80":32,"81":256,"82":2048,"83":40,"84":40,"85":40,"86":40,"87":40,"88":40,"89":40,"90":40,"91":40,"92":40,"93":40,"94":40,"95":40,"96":2048,"97":2048,"98":256,"99":128,"100":128,"101":16,"102":2,"103":2,"104":2,"105":2,"106":2,"107":2,"108":2,"109":0,"110":0,"111":0,"112":0,"113":2,"114":2,"115":2,"116":0,"117":0,"118":0,"119":0,"120":0,"121":0,"122":0,"123":0,"124":0,"125":0,"126":0,"127":0,"128":0,"129":0,"130":0,"131":0,"132":0,"133":0,"134":0,"135":0,"136":0,"137":0,"138":0,"139":0,"140":0,"141":0,"142":0,"143":0,"144":0,"145":0,"146":0,"147":0,"148":0,"149":0,"150":0,"151":0,"152":0,"153":0,"154":0,"155":0,"156":0,"157":0,"158":0,"159":0,"160":0,"161":0,"162":0,"163":0,"164":0,"165":0,"166":0,"167":0,"168":0,"169":0,"170":0,"171":2,"172":0,"173":0,"174":0,"175":0,"176":0,"177":0,"178":0,"179":0,"180":0,"181":0,"182":0,"183":0,"184":0},"branchMap":{"0":{"type":"branch","line":72,"loc":{"start":{"line":72,"column":30},"end":{"line":185,"column":2}},"locations":[{"start":{"line":72,"column":30},"end":{"line":185,"column":2}}]},"1":{"type":"branch","line":77,"loc":{"start":{"line":77,"column":36},"end":{"line":103,"column":41}},"locations":[{"start":{"line":77,"column":36},"end":{"line":103,"column":41}}]},"2":{"type":"branch","line":78,"loc":{"start":{"line":78,"column":38},"end":{"line":101,"column":3}},"locations":[{"start":{"line":78,"column":38},"end":{"line":101,"column":3}}]},"3":{"type":"branch","line":80,"loc":{"start":{"line":80,"column":15},"end":{"line":80,"column":41}},"locations":[{"start":{"line":80,"column":15},"end":{"line":80,"column":41}}]},"4":{"type":"branch","line":80,"loc":{"start":{"line":80,"column":43},"end":{"line":99,"column":7}},"locations":[{"start":{"line":80,"column":43},"end":{"line":99,"column":7}}]},"5":{"type":"branch","line":81,"loc":{"start":{"line":81,"column":48},"end":{"line":99,"column":7}},"locations":[{"start":{"line":81,"column":48},"end":{"line":99,"column":7}}]},"6":{"type":"branch","line":82,"loc":{"start":{"line":82,"column":50},"end":{"line":98,"column":9}},"locations":[{"start":{"line":82,"column":50},"end":{"line":98,"column":9}}]},"7":{"type":"branch","line":83,"loc":{"start":{"line":83,"column":96},"end":{"line":96,"column":13}},"locations":[{"start":{"line":83,"column":96},"end":{"line":96,"column":13}}]},"8":{"type":"branch","line":103,"loc":{"start":{"line":103,"column":34},"end":{"line":103,"column":46}},"locations":[{"start":{"line":103,"column":34},"end":{"line":103,"column":46}}]},"9":{"type":"branch","line":110,"loc":{"start":{"line":110,"column":-1},"end":{"line":114,"column":47}},"locations":[{"start":{"line":110,"column":-1},"end":{"line":114,"column":47}}]},"10":{"type":"branch","line":114,"loc":{"start":{"line":114,"column":48},"end":{"line":114,"column":57}},"locations":[{"start":{"line":114,"column":48},"end":{"line":114,"column":57}}]},"11":{"type":"branch","line":116,"loc":{"start":{"line":116,"column":36},"end":{"line":172,"column":47}},"locations":[{"start":{"line":116,"column":36},"end":{"line":172,"column":47}}]},"12":{"type":"branch","line":172,"loc":{"start":{"line":172,"column":49},"end":{"line":185,"column":2}},"locations":[{"start":{"line":172,"column":49},"end":{"line":185,"column":2}}]},"13":{"type":"branch","line":84,"loc":{"start":{"line":84,"column":42},"end":{"line":84,"column":53}},"locations":[{"start":{"line":84,"column":42},"end":{"line":84,"column":53}}]}},"b":{"0":[2],"1":[16],"2":[128],"3":[64],"4":[32],"5":[256],"6":[2048],"7":[40],"8":[0],"9":[0],"10":[0],"11":[0],"12":[0],"13":[320]},"fnMap":{"0":{"name":"isSquareAttacked","decl":{"start":{"line":14,"column":25},"end":{"line":33,"column":2}},"loc":{"start":{"line":14,"column":25},"end":{"line":33,"column":2}},"line":14},"1":{"name":"getKingPosition","decl":{"start":{"line":35,"column":24},"end":{"line":44,"column":2}},"loc":{"start":{"line":35,"column":24},"end":{"line":44,"column":2}},"line":35},"2":{"name":"evaluateKingSafety","decl":{"start":{"line":46,"column":27},"end":{"line":69,"column":2}},"loc":{"start":{"line":46,"column":27},"end":{"line":69,"column":2}},"line":46},"3":{"name":"generateAIMove","decl":{"start":{"line":72,"column":30},"end":{"line":185,"column":2}},"loc":{"start":{"line":72,"column":30},"end":{"line":185,"column":2}},"line":72},"4":{"name":"isCenterSquare","decl":{"start":{"line":142,"column":29},"end":{"line":142,"column":95}},"loc":{"start":{"line":142,"column":29},"end":{"line":142,"column":95}},"line":142}},"f":{"0":0,"1":0,"2":0,"3":2,"4":0}}
,"/home/user/chess-math-mastermind/src/features/chess/utils/board.ts": {"path":"/home/user/chess-math-mastermind/src/features/chess/utils/board.ts","all":false,"statementMap":{"0":{"start":{"line":1,"column":0},"end":{"line":1,"column":0}},"1":{"start":{"line":2,"column":0},"end":{"line":2,"column":57}},"2":{"start":{"line":3,"column":0},"end":{"line":3,"column":55}},"3":{"start":{"line":4,"column":0},"end":{"line":4,"column":0}},"4":{"start":{"line":5,"column":0},"end":{"line":5,"column":105}},"5":{"start":{"line":6,"column":0},"end":{"line":6,"column":55}},"6":{"start":{"line":7,"column":0},"end":{"line":7,"column":33}},"7":{"start":{"line":8,"column":0},"end":{"line":8,"column":37}},"8":{"start":{"line":9,"column":0},"end":{"line":9,"column":44}},"9":{"start":{"line":10,"column":0},"end":{"line":10,"column":42}},"10":{"start":{"line":11,"column":0},"end":{"line":11,"column":13}},"11":{"start":{"line":12,"column":0},"end":{"line":12,"column":9}},"12":{"start":{"line":13,"column":0},"end":{"line":13,"column":5}},"13":{"start":{"line":14,"column":0},"end":{"line":14,"column":16}},"14":{"start":{"line":15,"column":0},"end":{"line":15,"column":2}},"15":{"start":{"line":16,"column":0},"end":{"line":16,"column":0}},"16":{"start":{"line":17,"column":0},"end":{"line":17,"column":118}},"17":{"start":{"line":18,"column":0},"end":{"line":18,"column":33}},"18":{"start":{"line":19,"column":0},"end":{"line":19,"column":37}},"19":{"start":{"line":20,"column":0},"end":{"line":20,"column":38}},"20":{"start":{"line":21,"column":0},"end":{"line":21,"column":57}},"21":{"start":{"line":22,"column":0},"end":{"line":22,"column":89}},"22":{"start":{"line":23,"column":0},"end":{"line":23,"column":32}},"23":{"start":{"line":24,"column":0},"end":{"line":24,"column":17}},"24":{"start":{"line":25,"column":0},"end":{"line":25,"column":13}},"25":{"start":{"line":26,"column":0},"end":{"line":26,"column":9}},"26":{"start":{"line":27,"column":0},"end":{"line":27,"column":5}},"27":{"start":{"line":28,"column":0},"end":{"line":28,"column":17}},"28":{"start":{"line":29,"column":0},"end":{"line":29,"column":2}},"29":{"start":{"line":30,"column":0},"end":{"line":30,"column":0}},"30":{"start":{"line":31,"column":0},"end":{"line":31,"column":87}},"31":{"start":{"line":32,"column":0},"end":{"line":32,"column":49}},"32":{"start":{"line":33,"column":0},"end":{"line":33,"column":97}},"33":{"start":{"line":34,"column":0},"end":{"line":34,"column":70}},"34":{"start":{"line":35,"column":0},"end":{"line":35,"column":76}},"35":{"start":{"line":36,"column":0},"end":{"line":36,"column":2}},"36":{"start":{"line":37,"column":0},"end":{"line":37,"column":0}},"37":{"start":{"line":38,"column":0},"end":{"line":38,"column":113}},"38":{"start":{"line":39,"column":0},"end":{"line":39,"column":31}},"39":{"start":{"line":40,"column":0},"end":{"line":40,"column":33}},"40":{"start":{"line":41,"column":0},"end":{"line":41,"column":32}},"41":{"start":{"line":42,"column":0},"end":{"line":42,"column":44}},"42":{"start":{"line":43,"column":0},"end":{"line":43,"column":70}},"43":{"start":{"line":44,"column":0},"end":{"line":44,"column":49}},"44":{"start":{"line":45,"column":0},"end":{"line":45,"column":51}},"45":{"start":{"line":46,"column":0},"end":{"line":46,"column":103}},"46":{"start":{"line":47,"column":0},"end":{"line":47,"column":79}},"47":{"start":{"line":48,"column":0},"end":{"line":48,"column":59}},"48":{"start":{"line":49,"column":0},"end":{"line":49,"column":50}},"49":{"start":{"line":50,"column":0},"end":{"line":50,"column":52}},"50":{"start":{"line":51,"column":0},"end":{"line":51,"column":37}},"51":{"start":{"line":52,"column":0},"end":{"line":52,"column":14}},"52":{"start":{"line":53,"column":0},"end":{"line":53,"column":67}},"53":{"start":{"line":54,"column":0},"end":{"line":54,"column":84}},"54":{"start":{"line":55,"column":0},"end":{"line":55,"column":45}},"55":{"start":{"line":56,"column":0},"end":{"line":56,"column":15}},"56":{"start":{"line":57,"column":0},"end":{"line":57,"column":0}},"57":{"start":{"line":58,"column":0},"end":{"line":58,"column":54}},"58":{"start":{"line":59,"column":0},"end":{"line":59,"column":48}},"59":{"start":{"line":60,"column":0},"end":{"line":60,"column":28}},"60":{"start":{"line":61,"column":0},"end":{"line":61,"column":15}},"61":{"start":{"line":62,"column":0},"end":{"line":62,"column":13}},"62":{"start":{"line":63,"column":0},"end":{"line":63,"column":11}},"63":{"start":{"line":64,"column":0},"end":{"line":64,"column":9}},"64":{"start":{"line":65,"column":0},"end":{"line":65,"column":7}},"65":{"start":{"line":66,"column":0},"end":{"line":66,"column":5}},"66":{"start":{"line":67,"column":0},"end":{"line":67,"column":3}},"67":{"start":{"line":68,"column":0},"end":{"line":68,"column":15}},"68":{"start":{"line":69,"column":0},"end":{"line":69,"column":2}}},"s":{"0":1,"1":1,"2":1,"3":1,"4":1,"5":44,"6":44,"7":324,"8":2460,"9":44,"10":44,"11":2460,"12":280,"13":0,"14":0,"15":1,"16":1,"17":44,"18":352,"19":2816,"20":2816,"21":704,"22":0,"23":0,"24":704,"25":2816,"26":352,"27":44,"28":44,"29":1,"30":1,"31":44,"32":44,"33":44,"34":44,"35":44,"36":1,"37":1,"38":2,"39":2,"40":4,"41":4,"42":4,"43":4,"44":22,"45":162,"46":2,"47":2,"48":2,"49":2,"50":2,"51":2,"52":2,"53":2,"54":0,"55":0,"56":2,"57":2,"58":2,"59":2,"60":2,"61":2,"62":162,"63":160,"64":20,"65":4,"66":2,"67":0,"68":0},"branchMap":{"0":{"type":"branch","line":5,"loc":{"start":{"line":5,"column":24},"end":{"line":15,"column":2}},"locations":[{"start":{"line":5,"column":24},"end":{"line":15,"column":2}}]},"1":{"type":"branch","line":6,"loc":{"start":{"line":6,"column":41},"end":{"line":6,"column":47}},"locations":[{"start":{"line":6,"column":41},"end":{"line":6,"column":47}}]},"2":{"type":"branch","line":6,"loc":{"start":{"line":6,"column":48},"end":{"line":6,"column":54}},"locations":[{"start":{"line":6,"column":48},"end":{"line":6,"column":54}}]},"3":{"type":"branch","line":7,"loc":{"start":{"line":7,"column":32},"end":{"line":13,"column":5}},"locations":[{"start":{"line":7,"column":32},"end":{"line":13,"column":5}}]},"4":{"type":"branch","line":8,"loc":{"start":{"line":8,"column":36},"end":{"line":12,"column":9}},"locations":[{"start":{"line":8,"column":36},"end":{"line":12,"column":9}}]},"5":{"type":"branch","line":9,"loc":{"start":{"line":9,"column":43},"end":{"line":11,"column":13}},"locations":[{"start":{"line":9,"column":43},"end":{"line":11,"column":13}}]},"6":{"type":"branch","line":13,"loc":{"start":{"line":13,"column":-1},"end":{"line":13,"column":5}},"locations":[{"start":{"line":13,"column":-1},"end":{"line":13,"column":5}}]},"7":{"type":"branch","line":14,"loc":{"start":{"line":14,"column":-1},"end":{"line":15,"column":2}},"locations":[{"start":{"line":14,"column":-1},"end":{"line":15,"column":2}}]},"8":{"type":"branch","line":17,"loc":{"start":{"line":17,"column":32},"end":{"line":29,"column":2}},"locations":[{"start":{"line":17,"column":32},"end":{"line":29,"column":2}}]},"9":{"type":"branch","line":18,"loc":{"start":{"line":18,"column":32},"end":{"line":27,"column":5}},"locations":[{"start":{"line":18,"column":32},"end":{"line":27,"column":5}}]},"10":{"type":"branch","line":19,"loc":{"start":{"line":19,"column":36},"end":{"line":26,"column":9}},"locations":[{"start":{"line":19,"column":36},"end":{"line":26,"column":9}}]},"11":{"type":"branch","line":21,"loc":{"start":{"line":21,"column":21},"end":{"line":21,"column":54}},"locations":[{"start":{"line":21,"column":21},"end":{"line":21,"column":54}}]},"12":{"type":"branch","line":21,"loc":{"start":{"line":21,"column":56},"end":{"line":25,"column":13}},"locations":[{"start":{"line":21,"column":56},"end":{"line":25,"column":13}}]},"13":{"type":"branch","line":22,"loc":{"start":{"line":22,"column":88},"end":{"line":24,"column":17}},"locations":[{"start":{"line":22,"column":88},"end":{"line":24,"column":17}}]},"14":{"type":"branch","line":31,"loc":{"start":{"line":31,"column":29},"end":{"line":36,"column":2}},"locations":[{"start":{"line":31,"column":29},"end":{"line":36,"column":2}}]},"15":{"type":"branch","line":33,"loc":{"start":{"line":33,"column":18},"end":{"line":33,"column":30}},"locations":[{"start":{"line":33,"column":18},"end":{"line":33,"column":30}}]},"16":{"type":"branch","line":34,"loc":{"start":{"line":34,"column":50},"end":{"line":34,"column":59}},"locations":[{"start":{"line":34,"column":50},"end":{"line":34,"column":59}}]},"17":{"type":"branch","line":34,"loc":{"start":{"line":34,"column":60},"end":{"line":34,"column":69}},"locations":[{"start":{"line":34,"column":60},"end":{"line":34,"column":69}}]},"18":{"type":"branch","line":38,"loc":{"start":{"line":38,"column":32},"end":{"line":69,"column":2}},"locations":[{"start":{"line":38,"column":32},"end":{"line":69,"column":2}}]},"19":{"type":"branch","line":40,"loc":{"start":{"line":40,"column":32},"end":{"line":66,"column":5}},"locations":[{"start":{"line":40,"column":32},"end":{"line":66,"column":5}}]},"20":{"type":"branch","line":44,"loc":{"start":{"line":44,"column":48},"end":{"line":64,"column":9}},"locations":[{"start":{"line":44,"column":48},"end":{"line":64,"column":9}}]},"21":{"type":"branch","line":45,"loc":{"start":{"line":45,"column":50},"end":{"line":63,"column":11}},"locations":[{"start":{"line":45,"column":50},"end":{"line":63,"column":11}}]},"22":{"type":"branch","line":46,"loc":{"start":{"line":46,"column":102},"end":{"line":62,"column":13}},"locations":[{"start":{"line":46,"column":102},"end":{"line":62,"column":13}}]},"23":{"type":"branch","line":54,"loc":{"start":{"line":54,"column":42},"end":{"line":54,"column":57}},"locations":[{"start":{"line":54,"column":42},"end":{"line":54,"column":57}}]},"24":{"type":"branch","line":54,"loc":{"start":{"line":54,"column":57},"end":{"line":54,"column":81}},"locations":[{"start":{"line":54,"column":57},"end":{"line":54,"column":81}}]},"25":{"type":"branch","line":54,"loc":{"start":{"line":54,"column":83},"end":{"line":56,"column":15}},"locations":[{"start":{"line":54,"column":83},"end":{"line":56,"column":15}}]},"26":{"type":"branch","line":64,"loc":{"start":{"line":64,"column":-1},"end":{"line":64,"column":9}},"locations":[{"start":{"line":64,"column":-1},"end":{"line":64,"column":9}}]},"27":{"type":"branch","line":65,"loc":{"start":{"line":65,"column":-1},"end":{"line":65,"column":7}},"locations":[{"start":{"line":65,"column":-1},"end":{"line":65,"column":7}}]},"28":{"type":"branch","line":68,"loc":{"start":{"line":68,"column":-1},"end":{"line":69,"column":2}},"locations":[{"start":{"line":68,"column":-1},"end":{"line":69,"column":2}}]},"29":{"type":"branch","line":48,"loc":{"start":{"line":48,"column":42},"end":{"line":48,"column":57}},"locations":[{"start":{"line":48,"column":42},"end":{"line":48,"column":57}}]}},"b":{"0":[44],"1":[40],"2":[4],"3":[324],"4":[2460],"5":[44],"6":[280],"7":[0],"8":[44],"9":[352],"10":[2816],"11":[1408],"12":[704],"13":[0],"14":[44],"15":[0],"16":[40],"17":[4],"18":[2],"19":[4],"20":[22],"21":[162],"22":[2],"23":[0],"24":[0],"25":[0],"26":[160],"27":[20],"28":[0],"29":[16]},"fnMap":{"0":{"name":"findKing","decl":{"start":{"line":5,"column":24},"end":{"line":15,"column":2}},"loc":{"start":{"line":5,"column":24},"end":{"line":15,"column":2}},"line":5},"1":{"name":"isSquareAttacked","decl":{"start":{"line":17,"column":32},"end":{"line":29,"column":2}},"loc":{"start":{"line":17,"column":32},"end":{"line":29,"column":2}},"line":17},"2":{"name":"isKingInCheck","decl":{"start":{"line":31,"column":29},"end":{"line":36,"column":2}},"loc":{"start":{"line":31,"column":29},"end":{"line":36,"column":2}},"line":31},"3":{"name":"hasAnyValidMoves","decl":{"start":{"line":38,"column":32},"end":{"line":69,"column":2}},"loc":{"start":{"line":38,"column":32},"end":{"line":69,"column":2}},"line":38}},"f":{"0":44,"1":44,"2":44,"3":2}}
,"/home/user/chess-math-mastermind/src/features/chess/utils/moveValidation.ts": {"path":"/home/user/chess-math-mastermind/src/features/chess/utils/moveValidation.ts","all":false,"statementMap":{"0":{"start":{"line":1,"column":0},"end":{"line":1,"column":49}},"1":{"start":{"line":2,"column":0},"end":{"line":2,"column":0}},"2":{"start":{"line":3,"column":0},"end":{"line":3,"column":134}},"3":{"start":{"line":4,"column":0},"end":{"line":4,"column":47}},"4":{"start":{"line":5,"column":0},"end":{"line":5,"column":47}},"5":{"start":{"line":6,"column":0},"end":{"line":6,"column":38}},"6":{"start":{"line":7,"column":0},"end":{"line":7,"column":38}},"7":{"start":{"line":8,"column":0},"end":{"line":8,"column":0}},"8":{"start":{"line":9,"column":0},"end":{"line":9,"column":58}},"9":{"start":{"line":10,"column":0},"end":{"line":10,"column":61}},"10":{"start":{"line":11,"column":0},"end":{"line":11,"column":26}},"11":{"start":{"line":12,"column":0},"end":{"line":12,"column":26}},"12":{"start":{"line":13,"column":0},"end":{"line":13,"column":3}},"13":{"start":{"line":14,"column":0},"end":{"line":14,"column":14}},"14":{"start":{"line":15,"column":0},"end":{"line":15,"column":2}},"15":{"start":{"line":16,"column":0},"end":{"line":16,"column":0}},"16":{"start":{"line":17,"column":0},"end":{"line":17,"column":170}},"17":{"start":{"line":18,"column":0},"end":{"line":18,"column":42}},"18":{"start":{"line":19,"column":0},"end":{"line":19,"column":27}},"19":{"start":{"line":20,"column":0},"end":{"line":20,"column":0}},"20":{"start":{"line":21,"column":0},"end":{"line":21,"column":43}},"21":{"start":{"line":22,"column":0},"end":{"line":22,"column":29}},"22":{"start":{"line":23,"column":0},"end":{"line":23,"column":44}},"23":{"start":{"line":24,"column":0},"end":{"line":24,"column":0}},"24":{"start":{"line":25,"column":0},"end":{"line":25,"column":65}},"25":{"start":{"line":26,"column":0},"end":{"line":26,"column":63}},"26":{"start":{"line":27,"column":0},"end":{"line":27,"column":0}},"27":{"start":{"line":28,"column":0},"end":{"line":28,"column":46}},"28":{"start":{"line":29,"column":0},"end":{"line":29,"column":46}},"29":{"start":{"line":30,"column":0},"end":{"line":30,"column":0}},"30":{"start":{"line":31,"column":0},"end":{"line":31,"column":22}},"31":{"start":{"line":32,"column":0},"end":{"line":32,"column":15}},"32":{"start":{"line":33,"column":0},"end":{"line":33,"column":52}},"33":{"start":{"line":34,"column":0},"end":{"line":34,"column":50}},"34":{"start":{"line":35,"column":0},"end":{"line":35,"column":6}},"35":{"start":{"line":36,"column":0},"end":{"line":36,"column":30}},"36":{"start":{"line":37,"column":0},"end":{"line":37,"column":32}},"37":{"start":{"line":38,"column":0},"end":{"line":38,"column":73}},"38":{"start":{"line":39,"column":0},"end":{"line":39,"column":142}},"39":{"start":{"line":40,"column":0},"end":{"line":40,"column":8}},"40":{"start":{"line":41,"column":0},"end":{"line":41,"column":25}},"41":{"start":{"line":42,"column":0},"end":{"line":42,"column":101}},"42":{"start":{"line":43,"column":0},"end":{"line":43,"column":20}},"43":{"start":{"line":44,"column":0},"end":{"line":44,"column":7}},"44":{"start":{"line":45,"column":0},"end":{"line":45,"column":19}},"45":{"start":{"line":46,"column":0},"end":{"line":46,"column":15}},"46":{"start":{"line":47,"column":0},"end":{"line":47,"column":19}},"47":{"start":{"line":48,"column":0},"end":{"line":48,"column":44}},"48":{"start":{"line":49,"column":0},"end":{"line":49,"column":42}},"49":{"start":{"line":50,"column":0},"end":{"line":50,"column":23}},"50":{"start":{"line":51,"column":0},"end":{"line":51,"column":39}},"51":{"start":{"line":52,"column":0},"end":{"line":52,"column":37}},"52":{"start":{"line":53,"column":0},"end":{"line":53,"column":38}},"53":{"start":{"line":54,"column":0},"end":{"line":54,"column":59}},"54":{"start":{"line":55,"column":0},"end":{"line":55,"column":9}},"55":{"start":{"line":56,"column":0},"end":{"line":56,"column":20}},"56":{"start":{"line":57,"column":0},"end":{"line":57,"column":7}},"57":{"start":{"line":58,"column":0},"end":{"line":58,"column":19}},"58":{"start":{"line":59,"column":0},"end":{"line":59,"column":5}},"59":{"start":{"line":60,"column":0},"end":{"line":60,"column":86}},"60":{"start":{"line":61,"column":0},"end":{"line":61,"column":90}},"61":{"start":{"line":62,"column":0},"end":{"line":62,"column":73}},"62":{"start":{"line":63,"column":0},"end":{"line":63,"column":109}},"63":{"start":{"line":64,"column":0},"end":{"line":64,"column":50}},"64":{"start":{"line":65,"column":0},"end":{"line":65,"column":26}},"65":{"start":{"line":66,"column":0},"end":{"line":66,"column":3}},"66":{"start":{"line":67,"column":0},"end":{"line":67,"column":2}}},"s":{"0":1,"1":1,"2":1,"3":78,"4":78,"5":78,"6":78,"7":78,"8":78,"9":78,"10":0,"11":0,"12":0,"13":0,"14":0,"15":1,"16":1,"17":2914,"18":2914,"19":2914,"20":2914,"21":2914,"22":2914,"23":2914,"24":2914,"25":2914,"26":2338,"27":2338,"28":2338,"29":2338,"30":2338,"31":2914,"32":1120,"33":1120,"34":1120,"35":1120,"36":1120,"37":140,"38":140,"39":1120,"40":980,"41":980,"42":0,"43":0,"44":980,"45":980,"46":980,"47":980,"48":980,"49":980,"50":980,"51":980,"52":980,"53":0,"54":980,"55":0,"56":0,"57":1088,"58":1088,"59":2914,"60":2914,"61":2914,"62":2914,"63":2914,"64":2914,"65":2914,"66":2914},"branchMap":{"0":{"type":"branch","line":3,"loc":{"start":{"line":3,"column":27},"end":{"line":15,"column":2}},"locations":[{"start":{"line":3,"column":27},"end":{"line":15,"column":2}}]},"1":{"type":"branch","line":9,"loc":{"start":{"line":9,"column":30},"end":{"line":9,"column":55}},"locations":[{"start":{"line":9,"column":30},"end":{"line":9,"column":55}}]},"2":{"type":"branch","line":11,"loc":{"start":{"line":11,"column":-1},"end":{"line":15,"column":2}},"locations":[{"start":{"line":11,"column":-1},"end":{"line":15,"column":2}}]},"3":{"type":"branch","line":17,"loc":{"start":{"line":17,"column":35},"end":{"line":67,"column":2}},"locations":[{"start":{"line":17,"column":35},"end":{"line":67,"column":2}}]},"4":{"type":"branch","line":19,"loc":{"start":{"line":19,"column":14},"end":{"line":19,"column":27}},"locations":[{"start":{"line":19,"column":14},"end":{"line":19,"column":27}}]},"5":{"type":"branch","line":25,"loc":{"start":{"line":25,"column":17},"end":{"line":25,"column":50}},"locations":[{"start":{"line":25,"column":17},"end":{"line":25,"column":50}}]},"6":{"type":"branch","line":25,"loc":{"start":{"line":25,"column":52},"end":{"line":25,"column":65}},"locations":[{"start":{"line":25,"column":52},"end":{"line":25,"column":65}}]},"7":{"type":"branch","line":26,"loc":{"start":{"line":26,"column":-1},"end":{"line":26,"column":29}},"locations":[{"start":{"line":26,"column":-1},"end":{"line":26,"column":29}}]},"8":{"type":"branch","line":26,"loc":{"start":{"line":26,"column":25},"end":{"line":26,"column":48}},"locations":[{"start":{"line":26,"column":25},"end":{"line":26,"column":48}}]},"9":{"type":"branch","line":26,"loc":{"start":{"line":26,"column":50},"end":{"line":26,"column":63}},"locations":[{"start":{"line":26,"column":50},"end":{"line":26,"column":63}}]},"10":{"type":"branch","line":27,"loc":{"start":{"line":27,"column":-1},"end":{"line":32,"column":9}},"locations":[{"start":{"line":27,"column":-1},"end":{"line":32,"column":9}}]},"11":{"type":"branch","line":32,"loc":{"start":{"line":32,"column":4},"end":{"line":59,"column":5}},"locations":[{"start":{"line":32,"column":4},"end":{"line":59,"column":5}}]},"12":{"type":"branch","line":33,"loc":{"start":{"line":33,"column":43},"end":{"line":33,"column":47}},"locations":[{"start":{"line":33,"column":43},"end":{"line":33,"column":47}}]},"13":{"type":"branch","line":33,"loc":{"start":{"line":33,"column":48},"end":{"line":33,"column":51}},"locations":[{"start":{"line":33,"column":48},"end":{"line":33,"column":51}}]},"14":{"type":"branch","line":34,"loc":{"start":{"line":34,"column":42},"end":{"line":34,"column":45}},"locations":[{"start":{"line":34,"column":42},"end":{"line":34,"column":45}}]},"15":{"type":"branch","line":34,"loc":{"start":{"line":34,"column":46},"end":{"line":34,"column":49}},"locations":[{"start":{"line":34,"column":46},"end":{"line":34,"column":49}}]},"16":{"type":"branch","line":37,"loc":{"start":{"line":37,"column":31},"end":{"line":40,"column":7}},"locations":[{"start":{"line":37,"column":31},"end":{"line":40,"column":7}}]},"17":{"type":"branch","line":38,"loc":{"start":{"line":38,"column":43},"end":{"line":38,"column":59}},"locations":[{"start":{"line":38,"column":43},"end":{"line":38,"column":59}}]},"18":{"type":"branch","line":38,"loc":{"start":{"line":38,"column":61},"end":{"line":38,"column":73}},"locations":[{"start":{"line":38,"column":61},"end":{"line":38,"column":73}}]},"19":{"type":"branch","line":39,"loc":{"start":{"line":39,"column":-1},"end":{"line":39,"column":72}},"locations":[{"start":{"line":39,"column":-1},"end":{"line":39,"column":72}}]},"20":{"type":"branch","line":39,"loc":{"start":{"line":39,"column":72},"end":{"line":39,"column":88}},"locations":[{"start":{"line":39,"column":72},"end":{"line":39,"column":88}}]},"21":{"type":"branch","line":39,"loc":{"start":{"line":39,"column":88},"end":{"line":39,"column":128}},"locations":[{"start":{"line":39,"column":88},"end":{"line":39,"column":128}}]},"22":{"type":"branch","line":39,"loc":{"start":{"line":39,"column":130},"end":{"line":39,"column":142}},"locations":[{"start":{"line":39,"column":130},"end":{"line":39,"column":142}}]},"23":{"type":"branch","line":40,"loc":{"start":{"line":40,"column":7},"end":{"line":57,"column":7}},"locations":[{"start":{"line":40,"column":7},"end":{"line":57,"column":7}}]},"24":{"type":"branch","line":42,"loc":{"start":{"line":42,"column":48},"end":{"line":42,"column":83}},"locations":[{"start":{"line":42,"column":48},"end":{"line":42,"column":83}}]},"25":{"type":"branch","line":42,"loc":{"start":{"line":42,"column":83},"end":{"line":42,"column":98}},"locations":[{"start":{"line":42,"column":83},"end":{"line":42,"column":98}}]},"26":{"type":"branch","line":42,"loc":{"start":{"line":42,"column":100},"end":{"line":44,"column":7}},"locations":[{"start":{"line":42,"column":100},"end":{"line":44,"column":7}}]},"27":{"type":"branch","line":47,"loc":{"start":{"line":47,"column":16},"end":{"line":48,"column":41}},"locations":[{"start":{"line":47,"column":16},"end":{"line":48,"column":41}}]},"28":{"type":"branch","line":48,"loc":{"start":{"line":48,"column":41},"end":{"line":49,"column":39}},"locations":[{"start":{"line":48,"column":41},"end":{"line":49,"column":39}}]},"29":{"type":"branch","line":49,"loc":{"start":{"line":49,"column":39},"end":{"line":50,"column":20}},"locations":[{"start":{"line":49,"column":39},"end":{"line":50,"column":20}}]},"30":{"type":"branch","line":50,"loc":{"start":{"line":50,"column":20},"end":{"line":51,"column":36}},"locations":[{"start":{"line":50,"column":20},"end":{"line":51,"column":36}}]},"31":{"type":"branch","line":51,"loc":{"start":{"line":51,"column":36},"end":{"line":52,"column":34}},"locations":[{"start":{"line":51,"column":36},"end":{"line":52,"column":34}}]},"32":{"type":"branch","line":52,"loc":{"start":{"line":52,"column":34},"end":{"line":53,"column":35}},"locations":[{"start":{"line":52,"column":34},"end":{"line":53,"column":35}}]},"33":{"type":"branch","line":53,"loc":{"start":{"line":53,"column":35},"end":{"line":54,"column":59}},"locations":[{"start":{"line":53,"column":35},"end":{"line":54,"column":59}}]},"34":{"type":"branch","line":55,"loc":{"start":{"line":55,"column":8},"end":{"line":57,"column":7}},"locations":[{"start":{"line":55,"column":8},"end":{"line":57,"column":7}}]},"35":{"type":"branch","line":58,"loc":{"start":{"line":58,"column":-1},"end":{"line":59,"column":5}},"locations":[{"start":{"line":58,"column":-1},"end":{"line":59,"column":5}}]},"36":{"type":"branch","line":60,"loc":{"start":{"line":60,"column":4},"end":{"line":60,"column":86}},"locations":[{"start":{"line":60,"column":4},"end":{"line":60,"column":86}}]},"37":{"type":"branch","line":60,"loc":{"start":{"line":60,"column":53},"end":{"line":60,"column":85}},"locations":[{"start":{"line":60,"column":53},"end":{"line":60,"column":85}}]},"38":{"type":"branch","line":61,"loc":{"start":{"line":61,"column":4},"end":{"line":61,"column":90}},"locations":[{"start":{"line":61,"column":4},"end":{"line":61,"column":90}}]},"39":{"type":"branch","line":61,"loc":{"start":{"line":61,"column":35},"end":{"line":61,"column":52}},"locations":[{"start":{"line":61,"column":35},"end":{"line":61,"column":52}}]},"40":{"type":"branch","line":61,"loc":{"start":{"line":61,"column":53},"end":{"line":61,"column":89}},"locations":[{"start":{"line":61,"column":53},"end":{"line":61,"column":89}}]},"41":{"type":"branch","line":61,"loc":{"start":{"line":61,"column":71},"end":{"line":61,"column":88}},"locations":[{"start":{"line":61,"column":71},"end":{"line":61,"column":88}}]},"42":{"type":"branch","line":62,"loc":{"start":{"line":62,"column":4},"end":{"line":62,"column":73}},"locations":[{"start":{"line":62,"column":4},"end":{"line":62,"column":73}}]},"43":{"type":"branch","line":62,"loc":{"start":{"line":62,"column":40},"end":{"line":62,"column":72}},"locations":[{"start":{"line":62,"column":40},"end":{"line":62,"column":72}}]},"44":{"type":"branch","line":63,"loc":{"start":{"line":63,"column":4},"end":{"line":63,"column":109}},"locations":[{"start":{"line":63,"column":4},"end":{"line":63,"column":109}}]},"45":{"type":"branch","line":63,"loc":{"start":{"line":63,"column":52},"end":{"line":63,"column":75}},"locations":[{"start":{"line":63,"column":52},"end":{"line":63,"column":75}}]},"46":{"type":"branch","line":63,"loc":{"start":{"line":63,"column":76},"end":{"line":63,"column":108}},"locations":[{"start":{"line":63,"column":76},"end":{"line":63,"column":108}}]},"47":{"type":"branch","line":64,"loc":{"start":{"line":64,"column":4},"end":{"line":64,"column":50}},"locations":[{"start":{"line":64,"column":4},"end":{"line":64,"column":50}}]},"48":{"type":"branch","line":64,"loc":{"start":{"line":64,"column":33},"end":{"line":64,"column":49}},"locations":[{"start":{"line":64,"column":33},"end":{"line":64,"column":49}}]},"49":{"type":"branch","line":65,"loc":{"start":{"line":65,"column":4},"end":{"line":65,"column":26}},"locations":[{"start":{"line":65,"column":4},"end":{"line":65,"column":26}}]}},"b":{"0":[78],"1":[0],"2":[0],"3":[2914],"4":[0],"5":[1824],"6":[576],"7":[2338],"8":[0],"9":[0],"10":[2338],"11":[1120],"12":[800],"13":[320],"14":[800],"15":[320],"16":[140],"17":[16],"18":[16],"19":[124],"20":[16],"21":[16],"22":[16],"23":[980],"24":[256],"25":[28],"26":[0],"27":[0],"28":[0],"29":[0],"30":[0],"31":[0],"32":[0],"33":[0],"34":[0],"35":[1088],"36":[376],"37":[36],"38":[282],"39":[34],"40":[272],"41":[0],"42":[280],"43":[20],"44":[140],"45":[128],"46":[22],"47":[140],"48":[0],"49":[0]},"fnMap":{"0":{"name":"isPathClear","decl":{"start":{"line":3,"column":27},"end":{"line":15,"column":2}},"loc":{"start":{"line":3,"column":27},"end":{"line":15,"column":2}},"line":3},"1":{"name":"isValidMoveInternal","decl":{"start":{"line":17,"column":35},"end":{"line":67,"column":2}},"loc":{"start":{"line":17,"column":35},"end":{"line":67,"column":2}},"line":17}},"f":{"0":78,"1":2914}}
,"/home/user/chess-math-mastermind/src/hooks/use-toast.ts": {"path":"/home/user/chess-math-mastermind/src/hooks/use-toast.ts","all":false,"statementMap":{"0":{"start":{"line":1,"column":0},"end":{"line":1,"column":30}},"1":{"start":{"line":2,"column":0},"end":{"line":2,"column":0}},"2":{"start":{"line":3,"column":0},"end":{"line":3,"column":13}},"3":{"start":{"line":4,"column":0},"end":{"line":4,"column":21}},"4":{"start":{"line":5,"column":0},"end":{"line":5,"column":13}},"5":{"start":{"line":6,"column":0},"end":{"line":6,"column":30}},"6":{"start":{"line":7,"column":0},"end":{"line":7,"column":0}},"7":{"start":{"line":8,"column":0},"end":{"line":8,"column":21}},"8":{"start":{"line":9,"column":0},"end":{"line":9,"column":34}},"9":{"start":{"line":10,"column":0},"end":{"line":10,"column":0}},"10":{"start":{"line":11,"column":0},"end":{"line":11,"column":34}},"11":{"start":{"line":12,"column":0},"end":{"line":12,"column":12}},"12":{"start":{"line":13,"column":0},"end":{"line":13,"column":25}},"13":{"start":{"line":14,"column":0},"end":{"line":14,"column":31}},"14":{"start":{"line":15,"column":0},"end":{"line":15,"column":29}},"15":{"start":{"line":16,"column":0},"end":{"line":16,"column":1}},"16":{"start":{"line":17,"column":0},"end":{"line":17,"column":0}},"17":{"start":{"line":18,"column":0},"end":{"line":18,"column":13}},"18":{"start":{"line":19,"column":0},"end":{"line":19,"column":5}},"19":{"start":{"line":20,"column":0},"end":{"line":20,"column":23}},"20":{"start":{"line":21,"column":0},"end":{"line":21,"column":25}},"21":{"start":{"line":22,"column":0},"end":{"line":22,"column":5}},"22":{"start":{"line":23,"column":0},"end":{"line":23,"column":5}},"23":{"start":{"line":24,"column":0},"end":{"line":24,"column":26}},"24":{"start":{"line":25,"column":0},"end":{"line":25,"column":34}},"25":{"start":{"line":26,"column":0},"end":{"line":26,"column":5}},"26":{"start":{"line":27,"column":0},"end":{"line":27,"column":5}},"27":{"start":{"line":28,"column":0},"end":{"line":28,"column":27}},"28":{"start":{"line":29,"column":0},"end":{"line":29,"column":34}},"29":{"start":{"line":30,"column":0},"end":{"line":30,"column":5}},"30":{"start":{"line":31,"column":0},"end":{"line":31,"column":5}},"31":{"start":{"line":32,"column":0},"end":{"line":32,"column":26}},"32":{"start":{"line":33,"column":0},"end":{"line":33,"column":34}},"33":{"start":{"line":34,"column":0},"end":{"line":34,"column":5}},"34":{"start":{"line":35,"column":0},"end":{"line":35,"column":0}},"35":{"start":{"line":36,"column":0},"end":{"line":36,"column":17}},"36":{"start":{"line":37,"column":0},"end":{"line":37,"column":24}},"37":{"start":{"line":38,"column":0},"end":{"line":38,"column":1}},"38":{"start":{"line":39,"column":0},"end":{"line":39,"column":0}},"39":{"start":{"line":40,"column":0},"end":{"line":40,"column":70}},"40":{"start":{"line":41,"column":0},"end":{"line":41,"column":0}},"41":{"start":{"line":42,"column":0},"end":{"line":42,"column":47}},"42":{"start":{"line":43,"column":0},"end":{"line":43,"column":35}},"43":{"start":{"line":44,"column":0},"end":{"line":44,"column":10}},"44":{"start":{"line":45,"column":0},"end":{"line":45,"column":3}},"45":{"start":{"line":46,"column":0},"end":{"line":46,"column":0}},"46":{"start":{"line":47,"column":0},"end":{"line":47,"column":36}},"47":{"start":{"line":48,"column":0},"end":{"line":48,"column":33}},"48":{"start":{"line":49,"column":0},"end":{"line":49,"column":14}},"49":{"start":{"line":50,"column":0},"end":{"line":50,"column":27}},"50":{"start":{"line":51,"column":0},"end":{"line":51,"column":23}},"51":{"start":{"line":52,"column":0},"end":{"line":52,"column":6}},"52":{"start":{"line":53,"column":0},"end":{"line":53,"column":24}},"53":{"start":{"line":54,"column":0},"end":{"line":54,"column":0}},"54":{"start":{"line":55,"column":0},"end":{"line":55,"column":37}},"55":{"start":{"line":56,"column":0},"end":{"line":56,"column":1}},"56":{"start":{"line":57,"column":0},"end":{"line":57,"column":0}},"57":{"start":{"line":58,"column":0},"end":{"line":58,"column":65}},"58":{"start":{"line":59,"column":0},"end":{"line":59,"column":24}},"59":{"start":{"line":60,"column":0},"end":{"line":60,"column":21}},"60":{"start":{"line":61,"column":0},"end":{"line":61,"column":14}},"61":{"start":{"line":62,"column":0},"end":{"line":62,"column":17}},"62":{"start":{"line":63,"column":0},"end":{"line":63,"column":70}},"63":{"start":{"line":64,"column":0},"end":{"line":64,"column":7}},"64":{"start":{"line":65,"column":0},"end":{"line":65,"column":0}},"65":{"start":{"line":66,"column":0},"end":{"line":66,"column":24}},"66":{"start":{"line":67,"column":0},"end":{"line":67,"column":14}},"67":{"start":{"line":68,"column":0},"end":{"line":68,"column":17}},"68":{"start":{"line":69,"column":0},"end":{"line":69,"column":39}},"69":{"start":{"line":70,"column":0},"end":{"line":70,"column":66}},"70":{"start":{"line":71,"column":0},"end":{"line":71,"column":10}},"71":{"start":{"line":72,"column":0},"end":{"line":72,"column":7}},"72":{"start":{"line":73,"column":0},"end":{"line":73,"column":0}},"73":{"start":{"line":74,"column":0},"end":{"line":74,"column":27}},"74":{"start":{"line":75,"column":0},"end":{"line":75,"column":32}},"75":{"start":{"line":76,"column":0},"end":{"line":76,"column":0}},"76":{"start":{"line":77,"column":0},"end":{"line":77,"column":81}},"77":{"start":{"line":78,"column":0},"end":{"line":78,"column":45}},"78":{"start":{"line":79,"column":0},"end":{"line":79,"column":20}},"79":{"start":{"line":80,"column":0},"end":{"line":80,"column":33}},"80":{"start":{"line":81,"column":0},"end":{"line":81,"column":14}},"81":{"start":{"line":82,"column":0},"end":{"line":82,"column":41}},"82":{"start":{"line":83,"column":0},"end":{"line":83,"column":36}},"83":{"start":{"line":84,"column":0},"end":{"line":84,"column":10}},"84":{"start":{"line":85,"column":0},"end":{"line":85,"column":7}},"85":{"start":{"line":86,"column":0},"end":{"line":86,"column":0}},"86":{"start":{"line":87,"column":0},"end":{"line":87,"column":14}},"87":{"start":{"line":88,"column":0},"end":{"line":88,"column":17}},"88":{"start":{"line":89,"column":0},"end":{"line":89,"column":39}},"89":{"start":{"line":90,"column":0},"end":{"line":90,"column":51}},"90":{"start":{"line":91,"column":0},"end":{"line":91,"column":15}},"91":{"start":{"line":92,"column":0},"end":{"line":92,"column":21}},"92":{"start":{"line":93,"column":0},"end":{"line":93,"column":28}},"93":{"start":{"line":94,"column":0},"end":{"line":94,"column":15}},"94":{"start":{"line":95,"column":0},"end":{"line":95,"column":15}},"95":{"start":{"line":96,"column":0},"end":{"line":96,"column":10}},"96":{"start":{"line":97,"column":0},"end":{"line":97,"column":7}},"97":{"start":{"line":98,"column":0},"end":{"line":98,"column":5}},"98":{"start":{"line":99,"column":0},"end":{"line":99,"column":24}},"99":{"start":{"line":100,"column":0},"end":{"line":100,"column":41}},"100":{"start":{"line":101,"column":0},"end":{"line":101,"column":16}},"101":{"start":{"line":102,"column":0},"end":{"line":102,"column":19}},"102":{"start":{"line":103,"column":0},"end":{"line":103,"column":21}},"103":{"start":{"line":104,"column":0},"end":{"line":104,"column":9}},"104":{"start":{"line":105,"column":0},"end":{"line":105,"column":7}},"105":{"start":{"line":106,"column":0},"end":{"line":106,"column":14}},"106":{"start":{"line":107,"column":0},"end":{"line":107,"column":17}},"107":{"start":{"line":108,"column":0},"end":{"line":108,"column":68}},"108":{"start":{"line":109,"column":0},"end":{"line":109,"column":7}},"109":{"start":{"line":110,"column":0},"end":{"line":110,"column":3}},"110":{"start":{"line":111,"column":0},"end":{"line":111,"column":1}},"111":{"start":{"line":112,"column":0},"end":{"line":112,"column":0}},"112":{"start":{"line":113,"column":0},"end":{"line":113,"column":51}},"113":{"start":{"line":114,"column":0},"end":{"line":114,"column":0}},"114":{"start":{"line":115,"column":0},"end":{"line":115,"column":39}},"115":{"start":{"line":116,"column":0},"end":{"line":116,"column":0}},"116":{"start":{"line":117,"column":0},"end":{"line":117,"column":35}},"117":{"start":{"line":118,"column":0},"end":{"line":118,"column":44}},"118":{"start":{"line":119,"column":0},"end":{"line":119,"column":35}},"119":{"start":{"line":120,"column":0},"end":{"line":120,"column":25}},"120":{"start":{"line":121,"column":0},"end":{"line":121,"column":4}},"121":{"start":{"line":122,"column":0},"end":{"line":122,"column":1}},"122":{"start":{"line":123,"column":0},"end":{"line":123,"column":0}},"123":{"start":{"line":124,"column":0},"end":{"line":124,"column":37}},"124":{"start":{"line":125,"column":0},"end":{"line":125,"column":0}},"125":{"start":{"line":126,"column":0},"end":{"line":126,"column":37}},"126":{"start":{"line":127,"column":0},"end":{"line":127,"column":20}},"127":{"start":{"line":128,"column":0},"end":{"line":128,"column":0}},"128":{"start":{"line":129,"column":0},"end":{"line":129,"column":41}},"129":{"start":{"line":130,"column":0},"end":{"line":130,"column":14}},"130":{"start":{"line":131,"column":0},"end":{"line":131,"column":27}},"131":{"start":{"line":132,"column":0},"end":{"line":132,"column":30}},"132":{"start":{"line":133,"column":0},"end":{"line":133,"column":6}},"133":{"start":{"line":134,"column":0},"end":{"line":134,"column":72}},"134":{"start":{"line":135,"column":0},"end":{"line":135,"column":0}},"135":{"start":{"line":136,"column":0},"end":{"line":136,"column":12}},"136":{"start":{"line":137,"column":0},"end":{"line":137,"column":22}},"137":{"start":{"line":138,"column":0},"end":{"line":138,"column":12}},"138":{"start":{"line":139,"column":0},"end":{"line":139,"column":15}},"139":{"start":{"line":140,"column":0},"end":{"line":140,"column":9}},"140":{"start":{"line":141,"column":0},"end":{"line":141,"column":17}},"141":{"start":{"line":142,"column":0},"end":{"line":142,"column":31}},"142":{"start":{"line":143,"column":0},"end":{"line":143,"column":28}},"143":{"start":{"line":144,"column":0},"end":{"line":144,"column":8}},"144":{"start":{"line":145,"column":0},"end":{"line":145,"column":6}},"145":{"start":{"line":146,"column":0},"end":{"line":146,"column":4}},"146":{"start":{"line":147,"column":0},"end":{"line":147,"column":0}},"147":{"start":{"line":148,"column":0},"end":{"line":148,"column":10}},"148":{"start":{"line":149,"column":0},"end":{"line":149,"column":11}},"149":{"start":{"line":150,"column":0},"end":{"line":150,"column":12}},"150":{"start":{"line":151,"column":0},"end":{"line":151,"column":11}},"151":{"start":{"line":152,"column":0},"end":{"line":152,"column":3}},"152":{"start":{"line":153,"column":0},"end":{"line":153,"column":1}},"153":{"start":{"line":154,"column":0},"end":{"line":154,"column":0}},"154":{"start":{"line":155,"column":0},"end":{"line":155,"column":21}},"155":{"start":{"line":156,"column":0},"end":{"line":156,"column":62}},"156":{"start":{"line":157,"column":0},"end":{"line":157,"column":0}},"157":{"start":{"line":158,"column":0},"end":{"line":158,"column":25}},"158":{"start":{"line":159,"column":0},"end":{"line":159,"column":28}},"159":{"start":{"line":160,"column":0},"end":{"line":160,"column":18}},"160":{"start":{"line":161,"column":0},"end":{"line":161,"column":47}},"161":{"start":{"line":162,"column":0},"end":{"line":162,"column":23}},"162":{"start":{"line":163,"column":0},"end":{"line":163,"column":34}},"163":{"start":{"line":164,"column":0},"end":{"line":164,"column":7}},"164":{"start":{"line":165,"column":0},"end":{"line":165,"column":5}},"165":{"start":{"line":166,"column":0},"end":{"line":166,"column":13}},"166":{"start":{"line":167,"column":0},"end":{"line":167,"column":0}},"167":{"start":{"line":168,"column":0},"end":{"line":168,"column":10}},"168":{"start":{"line":169,"column":0},"end":{"line":169,"column":13}},"169":{"start":{"line":170,"column":0},"end":{"line":170,"column":10}},"170":{"start":{"line":171,"column":0},"end":{"line":171,"column":80}},"171":{"start":{"line":172,"column":0},"end":{"line":172,"column":3}},"172":{"start":{"line":173,"column":0},"end":{"line":173,"column":1}},"173":{"start":{"line":174,"column":0},"end":{"line":174,"column":0}},"174":{"start":{"line":175,"column":0},"end":{"line":175,"column":26}}},"s":{"0":1,"1":1,"2":1,"3":1,"4":1,"5":1,"6":1,"7":1,"8":1,"9":1,"10":1,"11":1,"12":1,"13":1,"14":1,"15":1,"16":1,"17":1,"18":1,"19":1,"20":1,"21":1,"22":1,"23":1,"24":1,"25":1,"26":1,"27":1,"28":1,"29":1,"30":1,"31":1,"32":1,"33":1,"34":1,"35":1,"36":1,"37":1,"38":1,"39":1,"40":1,"41":1,"42":0,"43":0,"44":0,"45":0,"46":0,"47":0,"48":0,"49":0,"50":0,"51":0,"52":0,"53":0,"54":0,"55":0,"56":1,"57":1,"58":0,"59":0,"60":0,"61":0,"62":0,"63":0,"64":0,"65":0,"66":0,"67":0,"68":0,"69":0,"70":0,"71":0,"72":0,"73":0,"74":0,"75":0,"76":0,"77":0,"78":0,"79":0,"80":0,"81":0,"82":0,"83":0,"84":0,"85":0,"86":0,"87":0,"88":0,"89":0,"90":0,"91":0,"92":0,"93":0,"94":0,"95":0,"96":0,"97":0,"98":0,"99":0,"100":0,"101":0,"102":0,"103":0,"104":0,"105":0,"106":0,"107":0,"108":0,"109":0,"110":0,"111":1,"112":1,"113":1,"114":1,"115":1,"116":0,"117":0,"118":0,"119":0,"120":0,"121":0,"122":1,"123":1,"124":1,"125":0,"126":0,"127":0,"128":0,"129":0,"130":0,"131":0,"132":0,"133":0,"134":0,"135":0,"136":0,"137":0,"138":0,"139":0,"140":0,"141":0,"142":0,"143":0,"144":0,"145":0,"146":0,"147":0,"148":0,"149":0,"150":0,"151":0,"152":0,"153":1,"154":4,"155":4,"156":4,"157":4,"158":1,"159":1,"160":1,"161":1,"162":1,"163":1,"164":1,"165":4,"166":4,"167":4,"168":4,"169":4,"170":4,"171":4,"172":4,"173":1,"174":1},"branchMap":{"0":{"type":"branch","line":155,"loc":{"start":{"line":155,"column":0},"end":{"line":173,"column":1}},"locations":[{"start":{"line":155,"column":0},"end":{"line":173,"column":1}}]},"1":{"type":"branch","line":158,"loc":{"start":{"line":158,"column":18},"end":{"line":166,"column":3}},"locations":[{"start":{"line":158,"column":18},"end":{"line":166,"column":3}}]},"2":{"type":"branch","line":160,"loc":{"start":{"line":160,"column":11},"end":{"line":165,"column":5}},"locations":[{"start":{"line":160,"column":11},"end":{"line":165,"column":5}}]}},"b":{"0":[4],"1":[1],"2":[1]},"fnMap":{"0":{"name":"addToRemoveQueue","decl":{"start":{"line":42,"column":25},"end":{"line":56,"column":1}},"loc":{"start":{"line":42,"column":25},"end":{"line":56,"column":1}},"line":42},"1":{"name":"reducer","decl":{"start":{"line":58,"column":23},"end":{"line":111,"column":1}},"loc":{"start":{"line":58,"column":23},"end":{"line":111,"column":1}},"line":58},"2":{"name":"dispatch","decl":{"start":{"line":117,"column":0},"end":{"line":122,"column":1}},"loc":{"start":{"line":117,"column":0},"end":{"line":122,"column":1}},"line":117},"3":{"name":"toast","decl":{"start":{"line":126,"column":0},"end":{"line":153,"column":1}},"loc":{"start":{"line":126,"column":0},"end":{"line":153,"column":1}},"line":126},"4":{"name":"useToast","decl":{"start":{"line":155,"column":0},"end":{"line":173,"column":1}},"loc":{"start":{"line":155,"column":0},"end":{"line":173,"column":1}},"line":155},"5":{"name":"dismiss","decl":{"start":{"line":171,"column":13},"end":{"line":171,"column":79}},"loc":{"start":{"line":171,"column":13},"end":{"line":171,"column":79}},"line":171}},"f":{"0":0,"1":0,"2":0,"3":0,"4":4,"5":0}}
,"/home/user/chess-math-mastermind/src/hooks/useAIEngine.tsx": {"path":"/home/user/chess-math-mastermind/src/hooks/useAIEngine.tsx","all":false,"statementMap":{"0":{"start":{"line":1,"column":0},"end":{"line":1,"column":0}},"1":{"start":{"line":2,"column":0},"end":{"line":2,"column":57}},"2":{"start":{"line":3,"column":0},"end":{"line":3,"column":79}},"3":{"start":{"line":4,"column":0},"end":{"line":4,"column":60}},"4":{"start":{"line":5,"column":0},"end":{"line":5,"column":80}},"5":{"start":{"line":6,"column":0},"end":{"line":6,"column":56}},"6":{"start":{"line":7,"column":0},"end":{"line":7,"column":51}},"7":{"start":{"line":8,"column":0},"end":{"line":8,"column":0}},"8":{"start":{"line":9,"column":0},"end":{"line":9,"column":28}},"9":{"start":{"line":10,"column":0},"end":{"line":10,"column":28}},"10":{"start":{"line":11,"column":0},"end":{"line":11,"column":69}},"11":{"start":{"line":12,"column":0},"end":{"line":12,"column":43}},"12":{"start":{"line":13,"column":0},"end":{"line":13,"column":21}},"13":{"start":{"line":14,"column":0},"end":{"line":14,"column":31}},"14":{"start":{"line":15,"column":0},"end":{"line":15,"column":33}},"15":{"start":{"line":16,"column":0},"end":{"line":16,"column":1}},"16":{"start":{"line":17,"column":0},"end":{"line":17,"column":0}},"17":{"start":{"line":18,"column":0},"end":{"line":18,"column":29}},"18":{"start":{"line":19,"column":0},"end":{"line":19,"column":12}},"19":{"start":{"line":20,"column":0},"end":{"line":20,"column":15}},"20":{"start":{"line":21,"column":0},"end":{"line":21,"column":15}},"21":{"start":{"line":22,"column":0},"end":{"line":22,"column":11}},"22":{"start":{"line":23,"column":0},"end":{"line":23,"column":15}},"23":{"start":{"line":24,"column":0},"end":{"line":24,"column":13}},"24":{"start":{"line":25,"column":0},"end":{"line":25,"column":25}},"25":{"start":{"line":26,"column":0},"end":{"line":26,"column":58}},"26":{"start":{"line":27,"column":0},"end":{"line":27,"column":68}},"27":{"start":{"line":28,"column":0},"end":{"line":28,"column":0}},"28":{"start":{"line":29,"column":0},"end":{"line":29,"column":46}},"29":{"start":{"line":30,"column":0},"end":{"line":30,"column":19}},"30":{"start":{"line":31,"column":0},"end":{"line":31,"column":43}},"31":{"start":{"line":32,"column":0},"end":{"line":32,"column":63}},"32":{"start":{"line":33,"column":0},"end":{"line":33,"column":38}},"33":{"start":{"line":34,"column":0},"end":{"line":34,"column":22}},"34":{"start":{"line":35,"column":0},"end":{"line":35,"column":76}},"35":{"start":{"line":36,"column":0},"end":{"line":36,"column":14}},"36":{"start":{"line":37,"column":0},"end":{"line":37,"column":85}},"37":{"start":{"line":38,"column":0},"end":{"line":38,"column":7}},"38":{"start":{"line":39,"column":0},"end":{"line":39,"column":6}},"39":{"start":{"line":40,"column":0},"end":{"line":40,"column":24}},"40":{"start":{"line":41,"column":0},"end":{"line":41,"column":9}},"41":{"start":{"line":42,"column":0},"end":{"line":42,"column":0}},"42":{"start":{"line":43,"column":0},"end":{"line":43,"column":46}},"43":{"start":{"line":44,"column":0},"end":{"line":44,"column":106}},"44":{"start":{"line":45,"column":0},"end":{"line":45,"column":13}},"45":{"start":{"line":46,"column":0},"end":{"line":46,"column":5}},"46":{"start":{"line":47,"column":0},"end":{"line":47,"column":0}},"47":{"start":{"line":48,"column":0},"end":{"line":48,"column":65}},"48":{"start":{"line":49,"column":0},"end":{"line":49,"column":47}},"49":{"start":{"line":50,"column":0},"end":{"line":50,"column":13}},"50":{"start":{"line":51,"column":0},"end":{"line":51,"column":5}},"51":{"start":{"line":52,"column":0},"end":{"line":52,"column":0}},"52":{"start":{"line":53,"column":0},"end":{"line":53,"column":26}},"53":{"start":{"line":54,"column":0},"end":{"line":54,"column":4}},"54":{"start":{"line":55,"column":0},"end":{"line":55,"column":9}},"55":{"start":{"line":56,"column":0},"end":{"line":56,"column":30}},"56":{"start":{"line":57,"column":0},"end":{"line":57,"column":6}},"57":{"start":{"line":58,"column":0},"end":{"line":58,"column":32}},"58":{"start":{"line":59,"column":0},"end":{"line":59,"column":30}},"59":{"start":{"line":60,"column":0},"end":{"line":60,"column":73}},"60":{"start":{"line":61,"column":0},"end":{"line":61,"column":96}},"61":{"start":{"line":62,"column":0},"end":{"line":62,"column":8}},"62":{"start":{"line":63,"column":0},"end":{"line":63,"column":86}},"63":{"start":{"line":64,"column":0},"end":{"line":64,"column":8}},"64":{"start":{"line":65,"column":0},"end":{"line":65,"column":27}},"65":{"start":{"line":66,"column":0},"end":{"line":66,"column":73}},"66":{"start":{"line":67,"column":0},"end":{"line":67,"column":26}},"67":{"start":{"line":68,"column":0},"end":{"line":68,"column":19}},"68":{"start":{"line":69,"column":0},"end":{"line":69,"column":43}},"69":{"start":{"line":70,"column":0},"end":{"line":70,"column":39}},"70":{"start":{"line":71,"column":0},"end":{"line":71,"column":93}},"71":{"start":{"line":72,"column":0},"end":{"line":72,"column":35}},"72":{"start":{"line":73,"column":0},"end":{"line":73,"column":14}},"73":{"start":{"line":74,"column":0},"end":{"line":74,"column":38}},"74":{"start":{"line":75,"column":0},"end":{"line":75,"column":52}},"75":{"start":{"line":76,"column":0},"end":{"line":76,"column":12}},"76":{"start":{"line":77,"column":0},"end":{"line":77,"column":16}},"77":{"start":{"line":78,"column":0},"end":{"line":78,"column":77}},"78":{"start":{"line":79,"column":0},"end":{"line":79,"column":38}},"79":{"start":{"line":80,"column":0},"end":{"line":80,"column":9}},"80":{"start":{"line":81,"column":0},"end":{"line":81,"column":7}},"81":{"start":{"line":82,"column":0},"end":{"line":82,"column":6}},"82":{"start":{"line":83,"column":0},"end":{"line":83,"column":34}},"83":{"start":{"line":84,"column":0},"end":{"line":84,"column":26}},"84":{"start":{"line":85,"column":0},"end":{"line":85,"column":101}},"85":{"start":{"line":86,"column":0},"end":{"line":86,"column":23}},"86":{"start":{"line":87,"column":0},"end":{"line":87,"column":34}},"87":{"start":{"line":88,"column":0},"end":{"line":88,"column":73}},"88":{"start":{"line":89,"column":0},"end":{"line":89,"column":9}},"89":{"start":{"line":90,"column":0},"end":{"line":90,"column":7}},"90":{"start":{"line":91,"column":0},"end":{"line":91,"column":6}},"91":{"start":{"line":92,"column":0},"end":{"line":92,"column":25}},"92":{"start":{"line":93,"column":0},"end":{"line":93,"column":59}},"93":{"start":{"line":94,"column":0},"end":{"line":94,"column":8}},"94":{"start":{"line":95,"column":0},"end":{"line":95,"column":30}},"95":{"start":{"line":96,"column":0},"end":{"line":96,"column":63}},"96":{"start":{"line":97,"column":0},"end":{"line":97,"column":62}},"97":{"start":{"line":98,"column":0},"end":{"line":98,"column":65}},"98":{"start":{"line":99,"column":0},"end":{"line":99,"column":0}},"99":{"start":{"line":100,"column":0},"end":{"line":100,"column":93}},"100":{"start":{"line":101,"column":0},"end":{"line":101,"column":0}},"101":{"start":{"line":102,"column":0},"end":{"line":102,"column":52}},"102":{"start":{"line":103,"column":0},"end":{"line":103,"column":55}},"103":{"start":{"line":104,"column":0},"end":{"line":104,"column":8}},"104":{"start":{"line":105,"column":0},"end":{"line":105,"column":26}},"105":{"start":{"line":106,"column":0},"end":{"line":106,"column":48}},"106":{"start":{"line":107,"column":0},"end":{"line":107,"column":46}},"107":{"start":{"line":108,"column":0},"end":{"line":108,"column":71}},"108":{"start":{"line":109,"column":0},"end":{"line":109,"column":61}},"109":{"start":{"line":110,"column":0},"end":{"line":110,"column":9}},"110":{"start":{"line":111,"column":0},"end":{"line":111,"column":0}},"111":{"start":{"line":112,"column":0},"end":{"line":112,"column":68}},"112":{"start":{"line":113,"column":0},"end":{"line":113,"column":66}},"113":{"start":{"line":114,"column":0},"end":{"line":114,"column":79}},"114":{"start":{"line":115,"column":0},"end":{"line":115,"column":0}},"115":{"start":{"line":116,"column":0},"end":{"line":116,"column":50}},"116":{"start":{"line":117,"column":0},"end":{"line":117,"column":32}},"117":{"start":{"line":118,"column":0},"end":{"line":118,"column":67}},"118":{"start":{"line":119,"column":0},"end":{"line":119,"column":34}},"119":{"start":{"line":120,"column":0},"end":{"line":120,"column":34}},"120":{"start":{"line":121,"column":0},"end":{"line":121,"column":9}},"121":{"start":{"line":122,"column":0},"end":{"line":122,"column":0}},"122":{"start":{"line":123,"column":0},"end":{"line":123,"column":30}},"123":{"start":{"line":124,"column":0},"end":{"line":124,"column":43}},"124":{"start":{"line":125,"column":0},"end":{"line":125,"column":37}},"125":{"start":{"line":126,"column":0},"end":{"line":126,"column":52}},"126":{"start":{"line":127,"column":0},"end":{"line":127,"column":11}},"127":{"start":{"line":128,"column":0},"end":{"line":128,"column":0}},"128":{"start":{"line":129,"column":0},"end":{"line":129,"column":18}},"129":{"start":{"line":130,"column":0},"end":{"line":130,"column":20}},"130":{"start":{"line":131,"column":0},"end":{"line":131,"column":29}},"131":{"start":{"line":132,"column":0},"end":{"line":132,"column":38}},"132":{"start":{"line":133,"column":0},"end":{"line":133,"column":93}},"133":{"start":{"line":134,"column":0},"end":{"line":134,"column":33}},"134":{"start":{"line":135,"column":0},"end":{"line":135,"column":67}},"135":{"start":{"line":136,"column":0},"end":{"line":136,"column":36}},"136":{"start":{"line":137,"column":0},"end":{"line":137,"column":38}},"137":{"start":{"line":138,"column":0},"end":{"line":138,"column":82}},"138":{"start":{"line":139,"column":0},"end":{"line":139,"column":26}},"139":{"start":{"line":140,"column":0},"end":{"line":140,"column":45}},"140":{"start":{"line":141,"column":0},"end":{"line":141,"column":12}},"141":{"start":{"line":142,"column":0},"end":{"line":142,"column":11}},"142":{"start":{"line":143,"column":0},"end":{"line":143,"column":7}},"143":{"start":{"line":144,"column":0},"end":{"line":144,"column":21}},"144":{"start":{"line":145,"column":0},"end":{"line":145,"column":59}},"145":{"start":{"line":146,"column":0},"end":{"line":146,"column":34}},"146":{"start":{"line":147,"column":0},"end":{"line":147,"column":15}},"147":{"start":{"line":148,"column":0},"end":{"line":148,"column":29}},"148":{"start":{"line":149,"column":0},"end":{"line":149,"column":5}},"149":{"start":{"line":150,"column":0},"end":{"line":150,"column":102}},"150":{"start":{"line":151,"column":0},"end":{"line":151,"column":0}},"151":{"start":{"line":152,"column":0},"end":{"line":152,"column":40}},"152":{"start":{"line":153,"column":0},"end":{"line":153,"column":19}},"153":{"start":{"line":154,"column":0},"end":{"line":154,"column":49}},"154":{"start":{"line":155,"column":0},"end":{"line":155,"column":67}},"155":{"start":{"line":156,"column":0},"end":{"line":156,"column":125}},"156":{"start":{"line":157,"column":0},"end":{"line":157,"column":21}},"157":{"start":{"line":158,"column":0},"end":{"line":158,"column":7}},"158":{"start":{"line":159,"column":0},"end":{"line":159,"column":5}},"159":{"start":{"line":160,"column":0},"end":{"line":160,"column":107}},"160":{"start":{"line":161,"column":0},"end":{"line":161,"column":0}},"161":{"start":{"line":162,"column":0},"end":{"line":162,"column":10}},"162":{"start":{"line":163,"column":0},"end":{"line":163,"column":17}},"163":{"start":{"line":164,"column":0},"end":{"line":164,"column":22}},"164":{"start":{"line":165,"column":0},"end":{"line":165,"column":15}},"165":{"start":{"line":166,"column":0},"end":{"line":166,"column":4}},"166":{"start":{"line":167,"column":0},"end":{"line":167,"column":2}}},"s":{"0":1,"1":1,"2":1,"3":1,"4":1,"5":1,"6":1,"7":1,"8":1,"9":1,"10":1,"11":1,"12":1,"13":1,"14":1,"15":1,"16":1,"17":1,"18":4,"19":4,"20":4,"21":4,"22":4,"23":4,"24":4,"25":4,"26":4,"27":4,"28":4,"29":4,"30":1,"31":1,"32":0,"33":0,"34":0,"35":0,"36":0,"37":0,"38":1,"39":1,"40":4,"41":4,"42":4,"43":2,"44":0,"45":0,"46":2,"47":2,"48":2,"49":0,"50":0,"51":2,"52":2,"53":2,"54":2,"55":2,"56":2,"57":2,"58":2,"59":0,"60":0,"61":0,"62":0,"63":0,"64":0,"65":0,"66":0,"67":0,"68":0,"69":0,"70":0,"71":0,"72":0,"73":0,"74":0,"75":0,"76":0,"77":0,"78":0,"79":0,"80":0,"81":2,"82":2,"83":2,"84":2,"85":2,"86":2,"87":2,"88":2,"89":2,"90":2,"91":2,"92":2,"93":2,"94":2,"95":2,"96":2,"97":2,"98":2,"99":2,"100":2,"101":2,"102":2,"103":2,"104":2,"105":0,"106":0,"107":0,"108":0,"109":0,"110":2,"111":2,"112":2,"113":2,"114":2,"115":2,"116":2,"117":0,"118":2,"119":0,"120":0,"121":2,"122":2,"123":2,"124":2,"125":0,"126":0,"127":2,"128":2,"129":2,"130":2,"131":2,"132":2,"133":2,"134":2,"135":2,"136":2,"137":2,"138":2,"139":2,"140":2,"141":2,"142":2,"143":2,"144":0,"145":0,"146":2,"147":2,"148":2,"149":4,"150":4,"151":4,"152":4,"153":4,"154":4,"155":4,"156":2,"157":2,"158":4,"159":4,"160":4,"161":4,"162":4,"163":4,"164":4,"165":4,"166":4},"branchMap":{"0":{"type":"branch","line":18,"loc":{"start":{"line":18,"column":27},"end":{"line":167,"column":2}},"locations":[{"start":{"line":18,"column":27},"end":{"line":167,"column":2}}]},"1":{"type":"branch","line":30,"loc":{"start":{"line":30,"column":12},"end":{"line":41,"column":3}},"locations":[{"start":{"line":30,"column":12},"end":{"line":41,"column":3}}]},"2":{"type":"branch","line":31,"loc":{"start":{"line":31,"column":30},"end":{"line":39,"column":5}},"locations":[{"start":{"line":31,"column":30},"end":{"line":39,"column":5}}]},"3":{"type":"branch","line":33,"loc":{"start":{"line":33,"column":-1},"end":{"line":38,"column":7}},"locations":[{"start":{"line":33,"column":-1},"end":{"line":38,"column":7}}]},"4":{"type":"branch","line":43,"loc":{"start":{"line":43,"column":33},"end":{"line":150,"column":3}},"locations":[{"start":{"line":43,"column":33},"end":{"line":150,"column":3}}]},"5":{"type":"branch","line":44,"loc":{"start":{"line":44,"column":67},"end":{"line":44,"column":103}},"locations":[{"start":{"line":44,"column":67},"end":{"line":44,"column":103}}]},"6":{"type":"branch","line":44,"loc":{"start":{"line":44,"column":105},"end":{"line":46,"column":5}},"locations":[{"start":{"line":44,"column":105},"end":{"line":46,"column":5}}]},"7":{"type":"branch","line":48,"loc":{"start":{"line":48,"column":45},"end":{"line":48,"column":54}},"locations":[{"start":{"line":48,"column":45},"end":{"line":48,"column":54}}]},"8":{"type":"branch","line":49,"loc":{"start":{"line":49,"column":46},"end":{"line":51,"column":5}},"locations":[{"start":{"line":49,"column":46},"end":{"line":51,"column":5}}]},"9":{"type":"branch","line":59,"loc":{"start":{"line":59,"column":29},"end":{"line":81,"column":7}},"locations":[{"start":{"line":59,"column":29},"end":{"line":81,"column":7}}]},"10":{"type":"branch","line":100,"loc":{"start":{"line":100,"column":46},"end":{"line":100,"column":79}},"locations":[{"start":{"line":100,"column":46},"end":{"line":100,"column":79}}]},"11":{"type":"branch","line":100,"loc":{"start":{"line":100,"column":79},"end":{"line":100,"column":92}},"locations":[{"start":{"line":100,"column":79},"end":{"line":100,"column":92}}]},"12":{"type":"branch","line":105,"loc":{"start":{"line":105,"column":25},"end":{"line":110,"column":9}},"locations":[{"start":{"line":105,"column":25},"end":{"line":110,"column":9}}]},"13":{"type":"branch","line":112,"loc":{"start":{"line":112,"column":58},"end":{"line":112,"column":67}},"locations":[{"start":{"line":112,"column":58},"end":{"line":112,"column":67}}]},"14":{"type":"branch","line":117,"loc":{"start":{"line":117,"column":31},"end":{"line":119,"column":9}},"locations":[{"start":{"line":117,"column":31},"end":{"line":119,"column":9}}]},"15":{"type":"branch","line":119,"loc":{"start":{"line":119,"column":33},"end":{"line":121,"column":9}},"locations":[{"start":{"line":119,"column":33},"end":{"line":121,"column":9}}]},"16":{"type":"branch","line":144,"loc":{"start":{"line":144,"column":6},"end":{"line":147,"column":5}},"locations":[{"start":{"line":144,"column":6},"end":{"line":147,"column":5}}]},"17":{"type":"branch","line":96,"loc":{"start":{"line":96,"column":46},"end":{"line":96,"column":61}},"locations":[{"start":{"line":96,"column":46},"end":{"line":96,"column":61}}]},"18":{"type":"branch","line":123,"loc":{"start":{"line":123,"column":21},"end":{"line":142,"column":9}},"locations":[{"start":{"line":123,"column":21},"end":{"line":142,"column":9}}]},"19":{"type":"branch","line":125,"loc":{"start":{"line":125,"column":36},"end":{"line":127,"column":11}},"locations":[{"start":{"line":125,"column":36},"end":{"line":127,"column":11}}]},"20":{"type":"branch","line":138,"loc":{"start":{"line":138,"column":44},"end":{"line":138,"column":64}},"locations":[{"start":{"line":138,"column":44},"end":{"line":138,"column":64}}]},"21":{"type":"branch","line":153,"loc":{"start":{"line":153,"column":12},"end":{"line":160,"column":3}},"locations":[{"start":{"line":153,"column":12},"end":{"line":160,"column":3}}]},"22":{"type":"branch","line":155,"loc":{"start":{"line":155,"column":47},"end":{"line":155,"column":56}},"locations":[{"start":{"line":155,"column":47},"end":{"line":155,"column":56}}]},"23":{"type":"branch","line":156,"loc":{"start":{"line":156,"column":46},"end":{"line":156,"column":122}},"locations":[{"start":{"line":156,"column":46},"end":{"line":156,"column":122}}]},"24":{"type":"branch","line":156,"loc":{"start":{"line":156,"column":85},"end":{"line":156,"column":121}},"locations":[{"start":{"line":156,"column":85},"end":{"line":156,"column":121}}]},"25":{"type":"branch","line":156,"loc":{"start":{"line":156,"column":124},"end":{"line":158,"column":7}},"locations":[{"start":{"line":156,"column":124},"end":{"line":158,"column":7}}]}},"b":{"0":[4],"1":[1],"2":[1],"3":[0],"4":[2],"5":[0],"6":[0],"7":[0],"8":[0],"9":[0],"10":[0],"11":[0],"12":[0],"13":[0],"14":[0],"15":[0],"16":[0],"17":[16],"18":[2],"19":[0],"20":[0],"21":[4],"22":[0],"23":[2],"24":[0],"25":[2]},"fnMap":{"0":{"name":"useAIEngine","decl":{"start":{"line":18,"column":27},"end":{"line":167,"column":2}},"loc":{"start":{"line":18,"column":27},"end":{"line":167,"column":2}},"line":18},"1":{"name":"checkPythonEngine","decl":{"start":{"line":31,"column":30},"end":{"line":39,"column":5}},"loc":{"start":{"line":31,"column":30},"end":{"line":39,"column":5}},"line":31}},"f":{"0":4,"1":1}}
[...]
t":{"line":134,"column":0},"end":{"line":134,"column":59}},"134":{"start":{"line":135,"column":0},"end":{"line":135,"column":7}},"135":{"start":{"line":136,"column":0},"end":{"line":136,"column":5}},"136":{"start":{"line":137,"column":0},"end":{"line":137,"column":16}},"137":{"start":{"line":138,"column":0},"end":{"line":138,"column":179}},"138":{"start":{"line":139,"column":0},"end":{"line":139,"column":0}},"139":{"start":{"line":140,"column":0},"end":{"line":140,"column":10}},"140":{"start":{"line":141,"column":0},"end":{"line":141,"column":13}},"141":{"start":{"line":142,"column":0},"end":{"line":142,"column":22}},"142":{"start":{"line":143,"column":0},"end":{"line":143,"column":4}},"143":{"start":{"line":144,"column":0},"end":{"line":144,"column":2}}},"s":{"0":1,"1":1,"2":1,"3":1,"4":1,"5":1,"6":1,"7":1,"8":1,"9":1,"10":1,"11":1,"12":1,"13":1,"14":1,"15":1,"16":1,"17":1,"18":1,"19":1,"20":1,"21":1,"22":1,"23":4,"24":4,"25":4,"26":4,"27":4,"28":4,"29":4,"30":4,"31":4,"32":0,"33":0,"34":0,"35":0,"36":0,"37":0,"38":0,"39":0,"40":0,"41":0,"42":0,"43":0,"44":0,"45":0,"46":0,"47":0,"48":0,"49":0,"50":0,"51":0,"52":0,"53":0,"54":0,"55":0,"56":0,"57":0,"58":0,"59":0,"60":0,"61":0,"62":0,"63":0,"64":0,"65":0,"66":0,"67":0,"68":0,"69":0,"70":0,"71":0,"72":0,"73":0,"74":0,"75":0,"76":0,"77":0,"78":0,"79":0,"80":0,"81":0,"82":0,"83":0,"84":0,"85":0,"86":0,"87":0,"88":0,"89":0,"90":0,"91":0,"92":0,"93":0,"94":0,"95":0,"96":0,"97":0,"98":0,"99":0,"100":4,"101":4,"102":4,"103":2,"104":0,"105":0,"106":2,"107":2,"108":2,"109":2,"110":2,"111":2,"112":2,"113":2,"114":2,"115":2,"116":2,"117":0,"118":0,"119":0,"120":0,"121":0,"122":0,"123":0,"124":0,"125":0,"126":0,"127":0,"128":0,"129":0,"130":2,"131":2,"132":0,"133":0,"134":0,"135":2,"136":2,"137":4,"138":4,"139":4,"140":4,"141":4,"142":4,"143":4},"branchMap":{"0":{"type":"branch","line":23,"loc":{"start":{"line":23,"column":30},"end":{"line":144,"column":2}},"locations":[{"start":{"line":23,"column":30},"end":{"line":144,"column":2}}]},"1":{"type":"branch","line":103,"loc":{"start":{"line":103,"column":40},"end":{"line":138,"column":3}},"locations":[{"start":{"line":103,"column":40},"end":{"line":138,"column":3}}]},"2":{"type":"branch","line":104,"loc":{"start":{"line":104,"column":42},"end":{"line":104,"column":78}},"locations":[{"start":{"line":104,"column":42},"end":{"line":104,"column":78}}]},"3":{"type":"branch","line":104,"loc":{"start":{"line":104,"column":80},"end":{"line":106,"column":5}},"locations":[{"start":{"line":104,"column":80},"end":{"line":106,"column":5}}]},"4":{"type":"branch","line":110,"loc":{"start":{"line":110,"column":24},"end":{"line":110,"column":36}},"locations":[{"start":{"line":110,"column":24},"end":{"line":110,"column":36}}]},"5":{"type":"branch","line":111,"loc":{"start":{"line":111,"column":47},"end":{"line":111,"column":56}},"locations":[{"start":{"line":111,"column":47},"end":{"line":111,"column":56}}]},"6":{"type":"branch","line":112,"loc":{"start":{"line":112,"column":48},"end":{"line":112,"column":60}},"locations":[{"start":{"line":112,"column":48},"end":{"line":112,"column":60}}]},"7":{"type":"branch","line":117,"loc":{"start":{"line":117,"column":34},"end":{"line":131,"column":5}},"locations":[{"start":{"line":117,"column":34},"end":{"line":131,"column":5}}]},"8":{"type":"branch","line":132,"loc":{"start":{"line":132,"column":15},"end":{"line":132,"column":58}},"locations":[{"start":{"line":132,"column":15},"end":{"line":132,"column":58}}]},"9":{"type":"branch","line":132,"loc":{"start":{"line":132,"column":60},"end":{"line":135,"column":7}},"locations":[{"start":{"line":132,"column":60},"end":{"line":135,"column":7}}]}},"b":{"0":[4],"1":[2],"2":[0],"3":[0],"4":[0],"5":[0],"6":[0],"7":[0],"8":[0],"9":[0]},"fnMap":{"0":{"name":"useMoveHandler","decl":{"start":{"line":23,"column":30},"end":{"line":144,"column":2}},"loc":{"start":{"line":23,"column":30},"end":{"line":144,"column":2}},"line":23}},"f":{"0":4}}
,"/home/user/chess-math-mastermind/src/services/pythonEngine.ts": {"path":"/home/user/chess-math-mastermind/src/services/pythonEngine.ts","all":false,"statementMap":{"0":{"start":{"line":1,"column":0},"end":{"line":1,"column":0}},"1":{"start":{"line":2,"column":0},"end":{"line":2,"column":43}},"2":{"start":{"line":3,"column":0},"end":{"line":3,"column":0}},"3":{"start":{"line":4,"column":0},"end":{"line":4,"column":30}},"4":{"start":{"line":5,"column":0},"end":{"line":5,"column":9}},"5":{"start":{"line":6,"column":0},"end":{"line":6,"column":39}},"6":{"start":{"line":7,"column":0},"end":{"line":7,"column":37}},"7":{"start":{"line":8,"column":0},"end":{"line":8,"column":16}},"8":{"start":{"line":9,"column":0},"end":{"line":9,"column":4}},"9":{"start":{"line":10,"column":0},"end":{"line":10,"column":16}},"10":{"start":{"line":11,"column":0},"end":{"line":11,"column":16}},"11":{"start":{"line":12,"column":0},"end":{"line":12,"column":24}},"12":{"start":{"line":13,"column":0},"end":{"line":13,"column":1}},"13":{"start":{"line":14,"column":0},"end":{"line":14,"column":0}},"14":{"start":{"line":15,"column":0},"end":{"line":15,"column":34}},"15":{"start":{"line":16,"column":0},"end":{"line":16,"column":21}},"16":{"start":{"line":17,"column":0},"end":{"line":17,"column":53}},"17":{"start":{"line":18,"column":0},"end":{"line":18,"column":20}},"18":{"start":{"line":19,"column":0},"end":{"line":19,"column":23}},"19":{"start":{"line":20,"column":0},"end":{"line":20,"column":1}},"20":{"start":{"line":21,"column":0},"end":{"line":21,"column":0}},"21":{"start":{"line":22,"column":0},"end":{"line":22,"column":27}},"22":{"start":{"line":23,"column":0},"end":{"line":23,"column":41}},"23":{"start":{"line":24,"column":0},"end":{"line":24,"column":30}},"24":{"start":{"line":25,"column":0},"end":{"line":25,"column":46}},"25":{"start":{"line":26,"column":0},"end":{"line":26,"column":0}},"26":{"start":{"line":27,"column":0},"end":{"line":27,"column":47}},"27":{"start":{"line":28,"column":0},"end":{"line":28,"column":66}},"28":{"start":{"line":29,"column":0},"end":{"line":29,"column":24}},"29":{"start":{"line":30,"column":0},"end":{"line":30,"column":31}},"30":{"start":{"line":31,"column":0},"end":{"line":31,"column":19}},"31":{"start":{"line":32,"column":0},"end":{"line":32,"column":5}},"32":{"start":{"line":33,"column":0},"end":{"line":33,"column":0}},"33":{"start":{"line":34,"column":0},"end":{"line":34,"column":80}},"34":{"start":{"line":35,"column":0},"end":{"line":35,"column":79}},"35":{"start":{"line":36,"column":0},"end":{"line":36,"column":31}},"36":{"start":{"line":37,"column":0},"end":{"line":37,"column":19}},"37":{"start":{"line":38,"column":0},"end":{"line":38,"column":5}},"38":{"start":{"line":39,"column":0},"end":{"line":39,"column":0}},"39":{"start":{"line":40,"column":0},"end":{"line":40,"column":9}},"40":{"start":{"line":41,"column":0},"end":{"line":41,"column":62}},"41":{"start":{"line":42,"column":0},"end":{"line":42,"column":22}},"42":{"start":{"line":43,"column":0},"end":{"line":43,"column":56}},"43":{"start":{"line":44,"column":0},"end":{"line":44,"column":41}},"44":{"start":{"line":45,"column":0},"end":{"line":45,"column":9}},"45":{"start":{"line":46,"column":0},"end":{"line":46,"column":37}},"46":{"start":{"line":47,"column":0},"end":{"line":47,"column":30}},"47":{"start":{"line":48,"column":0},"end":{"line":48,"column":21}},"48":{"start":{"line":49,"column":0},"end":{"line":49,"column":57}},"49":{"start":{"line":50,"column":0},"end":{"line":50,"column":31}},"50":{"start":{"line":51,"column":0},"end":{"line":51,"column":19}},"51":{"start":{"line":52,"column":0},"end":{"line":52,"column":5}},"52":{"start":{"line":53,"column":0},"end":{"line":53,"column":3}},"53":{"start":{"line":54,"column":0},"end":{"line":54,"column":0}},"54":{"start":{"line":55,"column":0},"end":{"line":55,"column":131}},"55":{"start":{"line":56,"column":0},"end":{"line":56,"column":24}},"56":{"start":{"line":57,"column":0},"end":{"line":57,"column":48}},"57":{"start":{"line":58,"column":0},"end":{"line":58,"column":5}},"58":{"start":{"line":59,"column":0},"end":{"line":59,"column":0}},"59":{"start":{"line":60,"column":0},"end":{"line":60,"column":28}},"60":{"start":{"line":61,"column":0},"end":{"line":61,"column":37}},"61":{"start":{"line":62,"column":0},"end":{"line":62,"column":5}},"62":{"start":{"line":63,"column":0},"end":{"line":63,"column":0}},"63":{"start":{"line":64,"column":0},"end":{"line":64,"column":28}},"64":{"start":{"line":65,"column":0},"end":{"line":65,"column":18}},"65":{"start":{"line":66,"column":0},"end":{"line":66,"column":5}},"66":{"start":{"line":67,"column":0},"end":{"line":67,"column":0}},"67":{"start":{"line":68,"column":0},"end":{"line":68,"column":9}},"68":{"start":{"line":69,"column":0},"end":{"line":69,"column":60}},"69":{"start":{"line":70,"column":0},"end":{"line":70,"column":23}},"70":{"start":{"line":71,"column":0},"end":{"line":71,"column":56}},"71":{"start":{"line":72,"column":0},"end":{"line":72,"column":30}},"72":{"start":{"line":73,"column":0},"end":{"line":73,"column":14}},"73":{"start":{"line":74,"column":0},"end":{"line":74,"column":21}},"74":{"start":{"line":75,"column":0},"end":{"line":75,"column":31}},"75":{"start":{"line":76,"column":0},"end":{"line":76,"column":11}},"76":{"start":{"line":77,"column":0},"end":{"line":77,"column":60}},"77":{"start":{"line":78,"column":0},"end":{"line":78,"column":9}},"78":{"start":{"line":79,"column":0},"end":{"line":79,"column":0}},"79":{"start":{"line":80,"column":0},"end":{"line":80,"column":25}},"80":{"start":{"line":81,"column":0},"end":{"line":81,"column":66}},"81":{"start":{"line":82,"column":0},"end":{"line":82,"column":7}},"82":{"start":{"line":83,"column":0},"end":{"line":83,"column":0}},"83":{"start":{"line":84,"column":0},"end":{"line":84,"column":35}},"84":{"start":{"line":85,"column":0},"end":{"line":85,"column":21}},"85":{"start":{"line":86,"column":0},"end":{"line":86,"column":69}},"86":{"start":{"line":87,"column":0},"end":{"line":87,"column":31}},"87":{"start":{"line":88,"column":0},"end":{"line":88,"column":18}},"88":{"start":{"line":89,"column":0},"end":{"line":89,"column":5}},"89":{"start":{"line":90,"column":0},"end":{"line":90,"column":3}},"90":{"start":{"line":91,"column":0},"end":{"line":91,"column":0}},"91":{"start":{"line":92,"column":0},"end":{"line":92,"column":97}},"92":{"start":{"line":93,"column":0},"end":{"line":93,"column":24}},"93":{"start":{"line":94,"column":0},"end":{"line":94,"column":48}},"94":{"start":{"line":95,"column":0},"end":{"line":95,"column":5}},"95":{"start":{"line":96,"column":0},"end":{"line":96,"column":0}},"96":{"start":{"line":97,"column":0},"end":{"line":97,"column":28}},"97":{"start":{"line":98,"column":0},"end":{"line":98,"column":37}},"98":{"start":{"line":99,"column":0},"end":{"line":99,"column":5}},"99":{"start":{"line":100,"column":0},"end":{"line":100,"column":0}},"100":{"start":{"line":101,"column":0},"end":{"line":101,"column":28}},"101":{"start":{"line":102,"column":0},"end":{"line":102,"column":18}},"102":{"start":{"line":103,"column":0},"end":{"line":103,"column":5}},"103":{"start":{"line":104,"column":0},"end":{"line":104,"column":0}},"104":{"start":{"line":105,"column":0},"end":{"line":105,"column":9}},"105":{"start":{"line":106,"column":0},"end":{"line":106,"column":63}},"106":{"start":{"line":107,"column":0},"end":{"line":107,"column":23}},"107":{"start":{"line":108,"column":0},"end":{"line":108,"column":56}},"108":{"start":{"line":109,"column":0},"end":{"line":109,"column":45}},"109":{"start":{"line":110,"column":0},"end":{"line":110,"column":41}},"110":{"start":{"line":111,"column":0},"end":{"line":111,"column":9}},"111":{"start":{"line":112,"column":0},"end":{"line":112,"column":0}},"112":{"start":{"line":113,"column":0},"end":{"line":113,"column":25}},"113":{"start":{"line":114,"column":0},"end":{"line":114,"column":66}},"114":{"start":{"line":115,"column":0},"end":{"line":115,"column":7}},"115":{"start":{"line":116,"column":0},"end":{"line":116,"column":0}},"116":{"start":{"line":117,"column":0},"end":{"line":117,"column":35}},"117":{"start":{"line":118,"column":0},"end":{"line":118,"column":21}},"118":{"start":{"line":119,"column":0},"end":{"line":119,"column":56}},"119":{"start":{"line":120,"column":0},"end":{"line":120,"column":18}},"120":{"start":{"line":121,"column":0},"end":{"line":121,"column":5}},"121":{"start":{"line":122,"column":0},"end":{"line":122,"column":3}},"122":{"start":{"line":123,"column":0},"end":{"line":123,"column":0}},"123":{"start":{"line":124,"column":0},"end":{"line":124,"column":29}},"124":{"start":{"line":125,"column":0},"end":{"line":125,"column":44}},"125":{"start":{"line":126,"column":0},"end":{"line":126,"column":3}},"126":{"start":{"line":127,"column":0},"end":{"line":127,"column":1}},"127":{"start":{"line":128,"column":0},"end":{"line":128,"column":0}},"128":{"start":{"line":129,"column":0},"end":{"line":129,"column":54}},"129":{"start":{"line":130,"column":0},"end":{"line":130,"column":59}}},"s":{"0":1,"1":1,"2":1,"3":1,"4":1,"5":1,"6":1,"7":1,"8":1,"9":1,"10":1,"11":1,"12":1,"13":1,"14":1,"15":1,"16":1,"17":1,"18":1,"19":1,"20":1,"21":1,"22":1,"23":1,"24":1,"25":1,"26":1,"27":1,"28":1,"29":0,"30":0,"31":0,"32":1,"33":1,"34":1,"35":0,"36":0,"37":0,"38":1,"39":1,"40":1,"41":1,"42":1,"43":1,"44":1,"45":0,"46":0,"47":0,"48":0,"49":0,"50":0,"51":0,"52":1,"53":1,"54":1,"55":0,"56":0,"57":0,"58":0,"59":0,"60":0,"61":0,"62":0,"63":0,"64":0,"65":0,"66":0,"67":0,"68":0,"69":0,"70":0,"71":0,"72":0,"73":0,"74":0,"75":0,"76":0,"77":0,"78":0,"79":0,"80":0,"81":0,"82":0,"83":0,"84":0,"85":0,"86":0,"87":0,"88":0,"89":0,"90":1,"91":1,"92":0,"93":0,"94":0,"95":0,"96":0,"97":0,"98":0,"99":0,"100":0,"101":0,"102":0,"103":0,"104":0,"105":0,"106":0,"107":0,"108":0,"109":0,"110":0,"111":0,"112":0,"113":0,"114":0,"115":0,"116":0,"117":0,"118":0,"119":0,"120":0,"121":0,"122":1,"123":1,"124":0,"125":0,"126":1,"127":1,"128":1,"129":1},"branchMap":{"0":{"type":"branch","line":22,"loc":{"start":{"line":22,"column":0},"end":{"line":127,"column":1}},"locations":[{"start":{"line":22,"column":0},"end":{"line":127,"column":1}}]},"1":{"type":"branch","line":27,"loc":{"start":{"line":27,"column":2},"end":{"line":53,"column":3}},"locations":[{"start":{"line":27,"column":2},"end":{"line":53,"column":3}}]},"2":{"type":"branch","line":29,"loc":{"start":{"line":29,"column":23},"end":{"line":32,"column":5}},"locations":[{"start":{"line":29,"column":23},"end":{"line":32,"column":5}}]},"3":{"type":"branch","line":35,"loc":{"start":{"line":35,"column":24},"end":{"line":35,"column":76}},"locations":[{"start":{"line":35,"column":24},"end":{"line":35,"column":76}}]},"4":{"type":"branch","line":35,"loc":{"start":{"line":35,"column":78},"end":{"line":38,"column":5}},"locations":[{"start":{"line":35,"column":78},"end":{"line":38,"column":5}}]},"5":{"type":"branch","line":46,"loc":{"start":{"line":46,"column":-1},"end":{"line":52,"column":5}},"locations":[{"start":{"line":46,"column":-1},"end":{"line":52,"column":5}}]}},"b":{"0":[1],"1":[1],"2":[0],"3":[0],"4":[0],"5":[0]},"fnMap":{"0":{"name":"PythonEngineService","decl":{"start":{"line":22,"column":0},"end":{"line":127,"column":1}},"loc":{"start":{"line":22,"column":0},"end":{"line":127,"column":1}},"line":22},"1":{"name":"checkAvailability","decl":{"start":{"line":27,"column":2},"end":{"line":53,"column":3}},"loc":{"start":{"line":27,"column":2},"end":{"line":53,"column":3}},"line":27},"2":{"name":"getMove","decl":{"start":{"line":55,"column":2},"end":{"line":90,"column":3}},"loc":{"start":{"line":55,"column":2},"end":{"line":90,"column":3}},"line":55},"3":{"name":"analyzePosition","decl":{"start":{"line":92,"column":2},"end":{"line":122,"column":3}},"loc":{"start":{"line":92,"column":2},"end":{"line":122,"column":3}},"line":92},"4":{"name":"getIsAvailable","decl":{"start":{"line":124,"column":2},"end":{"line":126,"column":3}},"loc":{"start":{"line":124,"column":2},"end":{"line":126,"column":3}},"line":124}},"f":{"0":1,"1":1,"2":0,"3":0,"4":0}}
,"/home/user/chess-math-mastermind/src/utils/fenConverter.ts": {"path":"/home/user/chess-math-mastermind/src/utils/fenConverter.ts","all":false,"statementMap":{"0":{"start":{"line":1,"column":0},"end":{"line":1,"column":0}},"1":{"start":{"line":2,"column":0},"end":{"line":2,"column":53}},"2":{"start":{"line":3,"column":0},"end":{"line":3,"column":0}},"3":{"start":{"line":4,"column":0},"end":{"line":4,"column":96}},"4":{"start":{"line":5,"column":0},"end":{"line":5,"column":15}},"5":{"start":{"line":6,"column":0},"end":{"line":6,"column":2}},"6":{"start":{"line":7,"column":0},"end":{"line":7,"column":34}},"7":{"start":{"line":8,"column":0},"end":{"line":8,"column":37}},"8":{"start":{"line":9,"column":0},"end":{"line":9,"column":23}},"9":{"start":{"line":10,"column":0},"end":{"line":10,"column":39}},"10":{"start":{"line":11,"column":0},"end":{"line":11,"column":36}},"11":{"start":{"line":12,"column":0},"end":{"line":12,"column":18}},"12":{"start":{"line":13,"column":0},"end":{"line":13,"column":29}},"13":{"start":{"line":14,"column":0},"end":{"line":14,"column":39}},"14":{"start":{"line":15,"column":0},"end":{"line":15,"column":25}},"15":{"start":{"line":16,"column":0},"end":{"line":16,"column":9}},"16":{"start":{"line":17,"column":0},"end":{"line":17,"column":66}},"17":{"start":{"line":18,"column":0},"end":{"line":18,"column":72}},"18":{"start":{"line":19,"column":0},"end":{"line":19,"column":41}},"19":{"start":{"line":20,"column":0},"end":{"line":20,"column":75}},"20":{"start":{"line":21,"column":0},"end":{"line":21,"column":14}},"21":{"start":{"line":22,"column":0},"end":{"line":22,"column":21}},"22":{"start":{"line":23,"column":0},"end":{"line":23,"column":7}},"23":{"start":{"line":24,"column":0},"end":{"line":24,"column":5}},"24":{"start":{"line":25,"column":0},"end":{"line":25,"column":25}},"25":{"start":{"line":26,"column":0},"end":{"line":26,"column":35}},"26":{"start":{"line":27,"column":0},"end":{"line":27,"column":5}},"27":{"start":{"line":28,"column":0},"end":{"line":28,"column":18}},"28":{"start":{"line":29,"column":0},"end":{"line":29,"column":17}},"29":{"start":{"line":30,"column":0},"end":{"line":30,"column":5}},"30":{"start":{"line":31,"column":0},"end":{"line":31,"column":3}},"31":{"start":{"line":32,"column":0},"end":{"line":32,"column":2}},"32":{"start":{"line":33,"column":0},"end":{"line":33,"column":21}},"33":{"start":{"line":34,"column":0},"end":{"line":34,"column":53}},"34":{"start":{"line":35,"column":0},"end":{"line":35,"column":2}},"35":{"start":{"line":36,"column":0},"end":{"line":36,"column":79}},"36":{"start":{"line":37,"column":0},"end":{"line":37,"column":17}},"37":{"start":{"line":38,"column":0},"end":{"line":38,"column":2}},"38":{"start":{"line":39,"column":0},"end":{"line":39,"column":61}},"39":{"start":{"line":40,"column":0},"end":{"line":40,"column":14}},"40":{"start":{"line":41,"column":0},"end":{"line":41,"column":2}},"41":{"start":{"line":42,"column":0},"end":{"line":42,"column":48}},"42":{"start":{"line":43,"column":0},"end":{"line":43,"column":14}},"43":{"start":{"line":44,"column":0},"end":{"line":44,"column":2}},"44":{"start":{"line":45,"column":0},"end":{"line":45,"column":49}},"45":{"start":{"line":46,"column":0},"end":{"line":46,"column":14}},"46":{"start":{"line":47,"column":0},"end":{"line":47,"column":2}},"47":{"start":{"line":48,"column":0},"end":{"line":48,"column":13}},"48":{"start":{"line":49,"column":0},"end":{"line":49,"column":2}}},"s":{"0":1,"1":1,"2":1,"3":1,"4":0,"5":0,"6":0,"7":0,"8":0,"9":0,"10":0,"11":0,"12":0,"13":0,"14":0,"15":0,"16":0,"17":0,"18":0,"19":0,"20":0,"21":0,"22":0,"23":0,"24":0,"25":0,"26":0,"27":0,"28":0,"29":0,"30":0,"31":0,"32":0,"33":0,"34":0,"35":0,"36":0,"37":0,"38":0,"39":0,"40":0,"41":0,"42":0,"43":0,"44":0,"45":0,"46":0,"47":0,"48":0},"branchMap":{},"b":{},"fnMap":{"0":{"name":"boardToFen","decl":{"start":{"line":4,"column":26},"end":{"line":49,"column":2}},"loc":{"start":{"line":4,"column":26},"end":{"line":49,"column":2}},"line":4}},"f":{"0":0}}
}
