TN:
SF:src/features/chess/constants.ts
FNF:0
FNH:0
DA:1,1
DA:2,1
DA:3,1
DA:4,1
DA:5,1
DA:6,1
DA:7,1
DA:8,1
DA:9,1
DA:10,1
DA:11,1
DA:12,1
DA:13,1
DA:14,1
DA:15,1
LF:15
LH:15
BRF:0
BRH:0
end_of_record
TN:
SF:src/features/chess/utils/ai.ts
FN:14,isSquareAttacked
FN:35,getKingPosition
FN:46,evaluateKingSafety
FN:72,generateAIMove
FN:142,isCenterSquare
FNF:5
FNH:1
FNDA:0,isSquareAttacked
FNDA:0,getKingPosition
FNDA:0,evaluateKingSafety
FNDA:2,generateAIMove
FNDA:0,isCenterSquare
DA:1,1
DA:2,1
DA:3,1
DA:4,1
DA:5,1
DA:6,1
DA:7,1
DA:8,1
DA:9,1
DA:10,1
DA:11,1
DA:12,1
DA:13,1
DA:14,1
DA:15,0
DA:16,0
DA:17,0
DA:18,0
DA:19,0
DA:20,0
DA:21,0
DA:22,0
DA:23,0
DA:24,0
DA:25,0
DA:26,0
DA:27,0
DA:28,0
DA:29,0
DA:30,0
DA:31,0
DA:32,0
DA:33,0
DA:34,1
DA:35,1
DA:36,0
DA:37,0
DA:38,0
DA:39,0
DA:40,0
DA:41,0
DA:42,0
DA:43,0
DA:44,0
DA:45,1
DA:46,1
DA:47,0
DA:48,0
DA:49,0
DA:50,0
DA:51,0
DA:52,0
DA:53,0
DA:54,0
DA:55,0
DA:56,0
DA:57,0
DA:58,0
DA:59,0
DA:60,0
DA:61,0
DA:62,0
DA:63,0
DA:64,0
DA:65,0
DA:66,0
DA:67,0
DA:68,0
DA:69,0
DA:70,1
DA:71,1
DA:72,1
DA:73,2
DA:74,2
DA:75,2
DA:76,2
DA:77,2
DA:78,16
DA:79,128
DA:80,128
DA:81,32
DA:82,256
DA:83,2048
DA:84,40
DA:85,40
DA:86,40
DA:87,40
DA:88,40
DA:89,40
DA:90,40
DA:91,40
DA:92,40
DA:93,40
DA:94,40
DA:95,40
DA:96,40
DA:97,2048
DA:98,2048
DA:99,256
DA:100,128
DA:101,128
DA:102,16
DA:103,2
DA:104,2
DA:105,2
DA:106,2
DA:107,2
DA:108,2
DA:109,2
DA:110,0
DA:111,0
DA:112,0
DA:113,0
DA:114,2
DA:115,2
DA:116,2
DA:117,0
DA:118,0
DA:119,0
DA:120,0
DA:121,0
DA:122,0
DA:123,0
DA:124,0
DA:125,0
DA:126,0
DA:127,0
DA:128,0
DA:129,0
DA:130,0
DA:131,0
DA:132,0
DA:133,0
DA:134,0
DA:135,0
DA:136,0
DA:137,0
DA:138,0
DA:139,0
DA:140,0
DA:141,0
DA:142,0
DA:143,0
DA:144,0
DA:145,0
DA:146,0
DA:147,0
DA:148,0
DA:149,0
DA:150,0
DA:151,0
DA:152,0
DA:153,0
DA:154,0
DA:155,0
DA:156,0
DA:157,0
DA:158,0
DA:159,0
DA:160,0
DA:161,0
DA:162,0
DA:163,0
DA:164,0
DA:165,0
DA:166,0
DA:167,0
DA:168,0
DA:169,0
DA:170,0
DA:171,0
DA:172,2
DA:173,0
DA:174,0
DA:175,0
DA:176,0
DA:177,0
DA:178,0
DA:179,0
DA:180,0
DA:181,0
DA:182,0
DA:183,0
DA:184,0
DA:185,0
LF:185
LH:62
BRDA:72,0,0,2
BRDA:77,1,0,16
BRDA:78,2,0,128
BRDA:80,3,0,64
BRDA:80,4,0,32
BRDA:81,5,0,256
BRDA:82,6,0,2048
BRDA:83,7,0,40
BRDA:103,8,0,0
BRDA:110,9,0,0
BRDA:114,10,0,0
BRDA:116,11,0,0
BRDA:172,12,0,0
BRDA:84,13,0,320
BRF:14
BRH:9
end_of_record
TN:
SF:src/features/chess/utils/board.ts
FN:5,findKing
FN:17,isSquareAttacked
FN:31,isKingInCheck
FN:38,hasAnyValidMoves
FNF:4
FNH:4
FNDA:44,findKing
FNDA:44,isSquareAttacked
FNDA:44,isKingInCheck
FNDA:2,hasAnyValidMoves
DA:1,1
DA:2,1
DA:3,1
DA:4,1
DA:5,1
DA:6,44
DA:7,44
DA:8,324
DA:9,2460
DA:10,44
DA:11,44
DA:12,2460
DA:13,280
DA:14,0
DA:15,0
DA:16,1
DA:17,1
DA:18,44
DA:19,352
DA:20,2816
DA:21,2816
DA:22,704
DA:23,0
DA:24,0
DA:25,704
DA:26,2816
DA:27,352
DA:28,44
DA:29,44
DA:30,1
DA:31,1
DA:32,44
DA:33,44
DA:34,44
DA:35,44
DA:36,44
DA:37,1
DA:38,1
DA:39,2
DA:40,2
DA:41,4
DA:42,4
DA:43,4
DA:44,4
DA:45,22
DA:46,162
DA:47,2
DA:48,2
DA:49,2
DA:50,2
DA:51,2
DA:52,2
DA:53,2
DA:54,2
DA:55,0
DA:56,0
DA:57,2
DA:58,2
DA:59,2
DA:60,2
DA:61,2
DA:62,2
DA:63,162
DA:64,160
DA:65,20
DA:66,4
DA:67,2
DA:68,0
DA:69,0
LF:69
LH:61
BRDA:5,0,0,44
BRDA:6,1,0,40
BRDA:6,2,0,4
BRDA:7,3,0,324
BRDA:8,4,0,2460
BRDA:9,5,0,44
BRDA:13,6,0,280
BRDA:14,7,0,0
BRDA:17,8,0,44
BRDA:18,9,0,352
BRDA:19,10,0,2816
BRDA:21,11,0,1408
BRDA:21,12,0,704
BRDA:22,13,0,0
BRDA:31,14,0,44
BRDA:33,15,0,0
BRDA:34,16,0,40
BRDA:34,17,0,4
BRDA:38,18,0,2
BRDA:40,19,0,4
BRDA:44,20,0,22
BRDA:45,21,0,162
BRDA:46,22,0,2
BRDA:54,23,0,0
BRDA:54,24,0,0
BRDA:54,25,0,0
BRDA:64,26,0,160
BRDA:65,27,0,20
BRDA:68,28,0,0
BRDA:48,29,0,16
BRF:30
BRH:23
end_of_record
TN:
SF:src/features/chess/utils/moveValidation.ts
FN:3,isPathClear
FN:17,isValidMoveInternal
FNF:2
FNH:2
FNDA:78,isPathClear
FNDA:2914,isValidMoveInternal
DA:1,1
DA:2,1
DA:3,1
DA:4,78
DA:5,78
DA:6,78
DA:7,78
DA:8,78
DA:9,78
DA:10,78
DA:11,0
DA:12,0
DA:13,0
DA:14,0
DA:15,0
DA:16,1
DA:17,1
DA:18,2914
DA:19,2914
DA:20,2914
DA:21,2914
DA:22,2914
DA:23,2914
DA:24,2914
DA:25,2914
DA:26,2914
DA:27,2338
DA:28,2338
DA:29,2338
DA:30,2338
DA:31,2338
DA:32,2914
DA:33,1120
DA:34,1120
DA:35,1120
DA:36,1120
DA:37,1120
DA:38,140
DA:39,140
DA:40,1120
DA:41,980
DA:42,980
DA:43,0
DA:44,0
DA:45,980
DA:46,980
DA:47,980
DA:48,980
DA:49,980
DA:50,980
DA:51,980
DA:52,980
DA:53,980
DA:54,0
DA:55,980
DA:56,0
DA:57,0
DA:58,1088
DA:59,1088
DA:60,2914
DA:61,2914
DA:62,2914
DA:63,2914
DA:64,2914
DA:65,2914
DA:66,2914
DA:67,2914
LF:67
LH:57
BRDA:3,0,0,78
BRDA:9,1,0,0
BRDA:11,2,0,0
BRDA:17,3,0,2914
BRDA:19,4,0,0
BRDA:25,5,0,1824
BRDA:25,6,0,576
BRDA:26,7,0,2338
BRDA:26,8,0,0
BRDA:26,9,0,0
BRDA:27,10,0,2338
BRDA:32,11,0,1120
BRDA:33,12,0,800
BRDA:33,13,0,320
BRDA:34,14,0,800
BRDA:34,15,0,320
BRDA:37,16,0,140
BRDA:38,17,0,16
BRDA:38,18,0,16
BRDA:39,19,0,124
BRDA:39,20,0,16
BRDA:39,21,0,16
BRDA:39,22,0,16
BRDA:40,23,0,980
BRDA:42,24,0,256
BRDA:42,25,0,28
BRDA:42,26,0,0
BRDA:47,27,0,0
BRDA:48,28,0,0
BRDA:49,29,0,0
BRDA:50,30,0,0
BRDA:51,31,0,0
BRDA:52,32,0,0
BRDA:53,33,0,0
BRDA:55,34,0,0
BRDA:58,35,0,1088
BRDA:60,36,0,376
BRDA:60,37,0,36
BRDA:61,38,0,282
BRDA:61,39,0,34
BRDA:61,40,0,272
BRDA:61,41,0,0
BRDA:62,42,0,280
BRDA:62,43,0,20
BRDA:63,44,0,140
BRDA:63,45,0,128
BRDA:63,46,0,22
BRDA:64,47,0,140
BRDA:64,48,0,0
BRDA:65,49,0,0
BRF:50
BRH:33
end_of_record
TN:
SF:src/hooks/use-toast.ts
FN:42,addToRemoveQueue
FN:58,reducer
FN:117,dispatch
FN:126,toast
FN:155,useToast
FN:171,dismiss
FNF:6
FNH:1
FNDA:0,addToRemoveQueue
FNDA:0,reducer
FNDA:0,dispatch
FNDA:0,toast
FNDA:4,useToast
FNDA:0,dismiss
DA:1,1
DA:2,1
DA:3,1
DA:4,1
DA:5,1
DA:6,1
DA:7,1
DA:8,1
DA:9,1
DA:10,1
DA:11,1
DA:12,1
DA:13,1
DA:14,1
DA:15,1
DA:16,1
DA:17,1
DA:18,1
DA:19,1
DA:20,1
DA:21,1
DA:22,1
DA:23,1
DA:24,1
DA:25,1
DA:26,1
DA:27,1
DA:28,1
DA:29,1
DA:30,1
DA:31,1
DA:32,1
DA:33,1
DA:34,1
DA:35,1
DA:36,1
DA:37,1
DA:38,1
DA:39,1
DA:40,1
DA:41,1
DA:42,1
DA:43,0
DA:44,0
DA:45,0
DA:46,0
DA:47,0
DA:48,0
DA:49,0
DA:50,0
DA:51,0
DA:52,0
DA:53,0
DA:54,0
DA:55,0
DA:56,0
DA:57,1
DA:58,1
DA:59,0
DA:60,0
DA:61,0
DA:62,0
DA:63,0
DA:64,0
DA:65,0
DA:66,0
DA:67,0
DA:68,0
DA:69,0
DA:70,0
DA:71,0
DA:72,0
DA:73,0
DA:74,0
DA:75,0
DA:76,0
DA:77,0
DA:78,0
DA:79,0
DA:80,0
DA:81,0
DA:82,0
DA:83,0
DA:84,0
DA:85,0
DA:86,0
DA:87,0
DA:88,0
DA:89,0
DA:90,0
DA:91,0
DA:92,0
DA:93,0
DA:94,0
DA:95,0
DA:96,0
DA:97,0
DA:98,0
DA:99,0
DA:100,0
DA:101,0
DA:102,0
DA:103,0
DA:104,0
DA:105,0
DA:106,0
DA:107,0
DA:108,0
DA:109,0
DA:110,0
DA:111,0
DA:112,1
DA:113,1
DA:114,1
DA:115,1
DA:116,1
DA:117,0
DA:118,0
DA:119,0
DA:120,0
DA:121,0
DA:122,0
DA:123,1
DA:124,1
DA:125,1
DA:126,0
DA:127,0
DA:128,0
DA:129,0
DA:130,0
DA:131,0
DA:132,0
DA:133,0
DA:134,0
DA:135,0
DA:136,0
DA:137,0
DA:138,0
DA:139,0
DA:140,0
DA:141,0
DA:142,0
DA:143,0
DA:144,0
DA:145,0
DA:146,0
DA:147,0
DA:148,0
DA:149,0
DA:150,0
DA:151,0
DA:152,0
DA:153,0
DA:154,1
DA:155,4
DA:156,4
DA:157,4
DA:158,4
DA:159,1
DA:160,1
DA:161,1
DA:162,1
DA:163,1
DA:164,1
DA:165,1
DA:166,4
DA:167,4
DA:168,4
DA:169,4
DA:170,4
DA:171,4
DA:172,4
DA:173,4
DA:174,1
DA:175,1
LF:175
LH:74
BRDA:155,0,0,4
BRDA:158,1,0,1
BRDA:160,2,0,1
BRF:3
BRH:3
end_of_record
TN:
SF:src/hooks/useAIEngine.tsx
FN:18,useAIEngine
FN:31,checkPythonEngine
FNF:2
FNH:2
FNDA:4,useAIEngine
FNDA:1,checkPythonEngine
DA:1,1
DA:2,1
DA:3,1
DA:4,1
DA:5,1
DA:6,1
DA:7,1
DA:8,1
DA:9,1
DA:10,1
DA:11,1
DA:12,1
DA:13,1
DA:14,1
DA:15,1
DA:16,1
DA:17,1
DA:18,1
DA:19,4
DA:20,4
DA:21,4
DA:22,4
DA:23,4
DA:24,4
DA:25,4
DA:26,4
DA:27,4
DA:28,4
DA:29,4
DA:30,4
DA:31,1
DA:32,1
DA:33,0
DA:34,0
DA:35,0
DA:36,0
DA:37,0
DA:38,0
DA:39,1
DA:40,1
DA:41,4
DA:42,4
DA:43,4
DA:44,2
DA:45,0
DA:46,0
DA:47,2
DA:48,2
DA:49,2
DA:50,0
DA:51,0
DA:52,2
DA:53,2
DA:54,2
DA:55,2
DA:56,2
DA:57,2
DA:58,2
DA:59,2
DA:60,0
DA:61,0
DA:62,0
DA:63,0
DA:64,0
DA:65,0
DA:66,0
DA:67,0
DA:68,0
DA:69,0
DA:70,0
DA:71,0
DA:72,0
DA:73,0
DA:74,0
DA:75,0
DA:76,0
DA:77,0
DA:78,0
DA:79,0
DA:80,0
DA:81,0
DA:82,2
DA:83,2
DA:84,2
DA:85,2
DA:86,2
DA:87,2
DA:88,2
DA:89,2
DA:90,2
DA:91,2
DA:92,2
DA:93,2
DA:94,2
DA:95,2
DA:96,2
DA:97,2
DA:98,2
DA:99,2
DA:100,2
DA:101,2
DA:102,2
DA:103,2
DA:104,2
DA:105,2
DA:106,0
DA:107,0
DA:108,0
DA:109,0
DA:110,0
DA:111,2
DA:112,2
DA:113,2
DA:114,2
DA:115,2
DA:116,2
DA:117,2
DA:118,0
DA:119,2
DA:120,0
DA:121,0
DA:122,2
DA:123,2
DA:124,2
DA:125,2
DA:126,0
DA:127,0
DA:128,2
DA:129,2
DA:130,2
DA:131,2
DA:132,2
DA:133,2
DA:134,2
DA:135,2
DA:136,2
DA:137,2
DA:138,2
DA:139,2
DA:140,2
DA:141,2
DA:142,2
DA:143,2
DA:144,2
DA:145,0
DA:146,0
DA:147,2
DA:148,2
DA:149,2
DA:150,4
DA:151,4
DA:152,4
DA:153,4
DA:154,4
DA:155,4
DA:156,4
DA:157,2
DA:158,2
DA:159,4
DA:160,4
DA:161,4
DA:162,4
DA:163,4
DA:164,4
DA:165,4
DA:166,4
DA:167,4
LF:167
LH:123
BRDA:18,0,0,4
BRDA:30,1,0,1
BRDA:31,2,0,1
BRDA:33,3,0,0
BRDA:43,4,0,2
BRDA:44,5,0,0
BRDA:44,6,0,0
BRDA:48,7,0,0
BRDA:49,8,0,0
BRDA:59,9,0,0
BRDA:100,10,0,0
BRDA:100,11,0,0
BRDA:105,12,0,0
BRDA:112,13,0,0
BRDA:117,14,0,0
BRDA:119,15,0,0
BRDA:144,16,0,0
BRDA:96,17,0,16
BRDA:123,18,0,2
BRDA:125,19,0,0
BRDA:138,20,0,0
BRDA:153,21,0,4
BRDA:155,22,0,0
BRDA:156,23,0,2
BRDA:156,24,0,0
BRDA:156,25,0,2
BRF:26
BRH:9
end_of_record
TN:
SF:src/hooks/useChessGame.tsx
FN:10,useChessGame
FN:57,onMathChallenge
FN:76,handleResetGame
FN:82,executePendingMove
FNF:4
FNH:2
FNDA:4,useChessGame
FNDA:0,onMathChallenge
FNDA:1,handleResetGame
FNDA:0,executePendingMove
DA:1,1
DA:2,1
DA:3,1
DA:4,1
DA:5,1
DA:6,1
DA:7,1
DA:8,1
DA:9,1
DA:10,1
DA:11,4
DA:12,4
DA:13,4
DA:14,4
DA:15,4
DA:16,4
DA:17,4
DA:18,4
DA:19,4
DA:20,4
DA:21,4
DA:22,4
DA:23,4
DA:24,4
DA:25,4
DA:26,4
DA:27,4
DA:28,4
DA:29,4
DA:30,4
DA:31,4
DA:32,4
DA:33,4
DA:34,4
DA:35,4
DA:36,4
DA:37,4
DA:38,4
DA:39,4
DA:40,4
DA:41,4
DA:42,4
DA:43,4
DA:44,4
DA:45,4
DA:46,4
DA:47,4
DA:48,4
DA:49,4
DA:50,4
DA:51,4
DA:52,4
DA:53,4
DA:54,4
DA:55,4
DA:56,4
DA:57,4
DA:58,4
DA:59,4
DA:60,4
DA:61,4
DA:62,4
DA:63,4
DA:64,4
DA:65,4
DA:66,4
DA:67,4
DA:68,4
DA:69,4
DA:70,4
DA:71,4
DA:72,4
DA:73,4
DA:74,4
DA:75,4
DA:76,4
DA:77,1
DA:78,1
DA:79,1
DA:80,4
DA:81,4
DA:82,4
DA:83,0
DA:84,0
DA:85,0
DA:86,0
DA:87,0
DA:88,4
DA:89,4
DA:90,4
DA:91,4
DA:92,4
DA:93,4
DA:94,4
DA:95,4
DA:96,4
DA:97,4
DA:98,4
DA:99,4
DA:100,4
DA:101,4
DA:102,4
DA:103,4
DA:104,4
DA:105,4
DA:106,4
DA:107,4
DA:108,4
DA:109,4
DA:110,4
DA:111,4
DA:112,4
DA:113,4
DA:114,4
LF:114
LH:109
BRDA:10,0,0,4
BRDA:76,1,0,1
BRF:2
BRH:2
end_of_record
TN:
SF:src/hooks/useGameState.tsx
FN:6,getInitialTime
FN:18,useGameState
FNF:2
FNH:2
FNDA:2,getInitialTime
FNDA:4,useGameState
DA:1,1
DA:2,1
DA:3,1
DA:4,1
DA:5,1
DA:6,1
DA:7,2
DA:8,2
DA:9,2
DA:10,2
DA:11,2
DA:12,2
DA:13,2
DA:14,2
DA:15,2
DA:16,2
DA:17,1
DA:18,1
DA:19,4
DA:20,1
DA:21,1
DA:22,1
DA:23,1
DA:24,1
DA:25,1
DA:26,1
DA:27,1
DA:28,1
DA:29,1
DA:30,1
DA:31,1
DA:32,1
DA:33,1
DA:34,4
DA:35,4
DA:36,4
DA:37,1
DA:38,1
DA:39,1
DA:40,1
DA:41,1
DA:42,1
DA:43,1
DA:44,1
DA:45,1
DA:46,1
DA:47,1
DA:48,1
DA:49,1
DA:50,1
DA:51,4
DA:52,4
DA:53,4
DA:54,0
DA:55,0
DA:56,0
DA:57,0
DA:58,0
DA:59,0
DA:60,4
DA:61,4
DA:62,4
DA:63,0
DA:64,4
DA:65,4
DA:66,4
DA:67,4
DA:68,4
DA:69,4
DA:70,4
DA:71,4
DA:72,4
DA:73,4
LF:73
LH:66
BRDA:6,0,0,2
BRDA:8,1,0,0
BRDA:10,2,0,0
BRDA:11,3,0,0
BRDA:12,4,0,0
BRDA:18,5,0,4
BRDA:19,6,0,1
BRDA:22,7,0,8
BRDA:36,8,0,1
BRDA:39,9,0,8
BRF:10
BRH:6
end_of_record
TN:
SF:src/hooks/useGameTimer.tsx
FN:10,useGameTimer
FNF:1
FNH:1
FNDA:4,useGameTimer
DA:1,1
DA:2,1
DA:3,1
DA:4,1
DA:5,1
DA:6,1
DA:7,1
DA:8,1
DA:9,1
DA:10,1
DA:11,4
DA:12,1
DA:13,1
DA:14,1
DA:15,1
DA:16,0
DA:17,0
DA:18,0
DA:19,0
DA:20,0
DA:21,0
DA:22,0
DA:23,0
DA:24,0
DA:25,0
DA:26,0
DA:27,0
DA:28,0
DA:29,0
DA:30,0
DA:31,0
DA:32,0
DA:33,0
DA:34,0
DA:35,0
DA:36,0
DA:37,1
DA:38,1
DA:39,1
DA:40,1
DA:41,1
DA:42,1
DA:43,1
DA:44,1
DA:45,4
DA:46,4
LF:46
LH:25
BRDA:10,0,0,4
BRDA:11,1,0,1
BRDA:14,2,0,0
BRDA:40,3,0,1
BRF:4
BRH:3
end_of_record
TN:
SF:src/hooks/useHint.tsx
FN:26,useHint
FNF:1
FNH:1
FNDA:4,useHint
DA:1,1
DA:2,1
DA:3,1
DA:4,1
DA:5,1
DA:6,1
DA:7,1
DA:8,1
DA:9,1
DA:10,1
DA:11,1
DA:12,1
DA:13,1
DA:14,1
DA:15,1
DA:16,1
DA:17,1
DA:18,1
DA:19,1
DA:20,1
DA:21,1
DA:22,1
DA:23,1
DA:24,1
DA:25,1
DA:26,1
DA:27,4
DA:28,4
DA:29,4
DA:30,4
DA:31,4
DA:32,4
DA:33,8
DA:34,0
DA:35,0
DA:36,0
DA:37,4
DA:38,4
DA:39,4
DA:40,4
DA:41,0
DA:42,0
DA:43,4
DA:44,4
DA:45,4
DA:46,4
DA:47,0
DA:48,0
DA:49,0
DA:50,0
DA:51,0
DA:52,0
DA:53,0
DA:54,0
DA:55,0
DA:56,0
DA:57,0
DA:58,0
DA:59,0
DA:60,4
DA:61,4
DA:62,4
DA:63,0
DA:64,0
DA:65,0
DA:66,0
DA:67,0
DA:68,0
DA:69,0
DA:70,0
DA:71,0
DA:72,0
DA:73,0
DA:74,0
DA:75,0
DA:76,0
DA:77,0
DA:78,0
DA:79,0
DA:80,0
DA:81,0
DA:82,0
DA:83,0
DA:84,0
DA:85,0
DA:86,0
DA:87,0
DA:88,0
DA:89,0
DA:90,0
DA:91,0
DA:92,0
DA:93,0
DA:94,0
DA:95,0
DA:96,0
DA:97,0
DA:98,0
DA:99,0
DA:100,0
DA:101,0
DA:102,0
DA:103,0
DA:104,0
DA:105,0
DA:106,0
DA:107,0
DA:108,0
DA:109,0
DA:110,0
DA:111,0
DA:112,0
DA:113,0
DA:114,0
DA:115,0
DA:116,0
DA:117,0
DA:118,0
DA:119,0
DA:120,0
DA:121,0
DA:122,0
DA:123,0
DA:124,0
DA:125,0
DA:126,0
DA:127,0
DA:128,0
DA:129,0
DA:130,0
DA:131,0
DA:132,0
DA:133,4
DA:134,4
DA:135,4
DA:136,0
DA:137,4
DA:138,4
DA:139,4
DA:140,1
DA:141,1
DA:142,4
DA:143,4
DA:144,4
DA:145,4
DA:146,4
DA:147,4
DA:148,4
DA:149,4
DA:150,4
DA:151,4
DA:152,4
DA:153,4
DA:154,4
LF:154
LH:65
BRDA:26,0,0,4
BRDA:32,1,0,8
BRDA:33,2,0,0
BRDA:39,3,0,4
BRDA:40,4,0,0
BRDA:40,5,0,0
BRDA:139,6,0,1
BRF:7
BRH:4
end_of_record
TN:
SF:src/hooks/useMathChallenge.tsx
FN:19,useMathChallenge
FNF:1
FNH:1
FNDA:4,useMathChallenge
DA:1,1
DA:2,1
DA:3,1
DA:4,1
DA:5,1
DA:6,1
DA:7,1
DA:8,1
DA:9,1
DA:10,1
DA:11,1
DA:12,1
DA:13,1
DA:14,1
DA:15,1
DA:16,1
DA:17,1
DA:18,1
DA:19,1
DA:20,4
DA:21,4
DA:22,4
DA:23,4
DA:24,4
DA:25,4
DA:26,4
DA:27,4
DA:28,4
DA:29,4
DA:30,4
DA:31,0
DA:32,0
DA:33,0
DA:34,4
DA:35,4
DA:36,4
DA:37,0
DA:38,0
DA:39,0
DA:40,0
DA:41,0
DA:42,0
DA:43,0
DA:44,0
DA:45,0
DA:46,4
DA:47,4
DA:48,4
DA:49,0
DA:50,0
DA:51,0
DA:52,0
DA:53,0
DA:54,0
DA:55,0
DA:56,4
DA:57,4
DA:58,4
DA:59,0
DA:60,0
DA:61,0
DA:62,0
DA:63,0
DA:64,4
DA:65,4
DA:66,4
DA:67,1
DA:68,1
DA:69,1
DA:70,1
DA:71,1
DA:72,1
DA:73,4
DA:74,4
DA:75,4
DA:76,4
DA:77,4
DA:78,4
DA:79,4
DA:80,4
DA:81,4
DA:82,4
DA:83,4
DA:84,4
DA:85,4
LF:85
LH:61
BRDA:19,0,0,4
BRDA:75,1,0,0
BRDA:66,2,0,1
BRDA:67,3,0,1
BRF:4
BRH:3
end_of_record
TN:
SF:src/hooks/useMoveHandler.tsx
FN:23,useMoveHandler
FNF:1
FNH:1
FNDA:4,useMoveHandler
DA:1,1
DA:2,1
DA:3,1
DA:4,1
DA:5,1
DA:6,1
DA:7,1
DA:8,1
DA:9,1
DA:10,1
DA:11,1
DA:12,1
DA:13,1
DA:14,1
DA:15,1
DA:16,1
DA:17,1
DA:18,1
DA:19,1
DA:20,1
DA:21,1
DA:22,1
DA:23,1
DA:24,4
DA:25,4
DA:26,4
DA:27,4
DA:28,4
DA:29,4
DA:30,4
DA:31,4
DA:32,4
DA:33,0
DA:34,0
DA:35,0
DA:36,0
DA:37,0
DA:38,0
DA:39,0
DA:40,0
DA:41,0
DA:42,0
DA:43,0
DA:44,0
DA:45,0
DA:46,0
DA:47,0
DA:48,0
DA:49,0
DA:50,0
DA:51,0
DA:52,0
DA:53,0
DA:54,0
DA:55,0
DA:56,0
DA:57,0
DA:58,0
DA:59,0
DA:60,0
DA:61,0
DA:62,0
DA:63,0
DA:64,0
DA:65,0
DA:66,0
DA:67,0
DA:68,0
DA:69,0
DA:70,0
DA:71,0
DA:72,0
DA:73,0
DA:74,0
DA:75,0
DA:76,0
DA:77,0
DA:78,0
DA:79,0
DA:80,0
DA:81,0
DA:82,0
DA:83,0
DA:84,0
DA:85,0
DA:86,0
DA:87,0
DA:88,0
DA:89,0
DA:90,0
DA:91,0
DA:92,0
DA:93,0
DA:94,0
DA:95,0
DA:96,0
DA:97,0
DA:98,0
DA:99,0
DA:100,0
DA:101,4
DA:102,4
DA:103,4
DA:104,2
DA:105,0
DA:106,0
DA:107,2
DA:108,2
DA:109,2
DA:110,2
DA:111,2
DA:112,2
DA:113,2
DA:114,2
DA:115,2
DA:116,2
DA:117,2
DA:118,0
DA:119,0
DA:120,0
DA:121,0
DA:122,0
DA:123,0
DA:124,0
DA:125,0
DA:126,0
DA:127,0
DA:128,0
DA:129,0
DA:130,0
DA:131,2
DA:132,2
DA:133,0
DA:134,0
DA:135,0
DA:136,2
DA:137,2
DA:138,4
DA:139,4
DA:140,4
DA:141,4
DA:142,4
DA:143,4
DA:144,4
LF:144
LH:58
BRDA:23,0,0,4
BRDA:103,1,0,2
BRDA:104,2,0,0
BRDA:104,3,0,0
BRDA:110,4,0,0
BRDA:111,5,0,0
BRDA:112,6,0,0
BRDA:117,7,0,0
BRDA:132,8,0,0
BRDA:132,9,0,0
BRF:10
BRH:2
end_of_record
TN:
SF:src/services/pythonEngine.ts
FN:22,PythonEngineService
FN:27,checkAvailability
FN:55,getMove
FN:92,analyzePosition
FN:124,getIsAvailable
FNF:5
FNH:2
FNDA:1,PythonEngineService
FNDA:1,checkAvailability
FNDA:0,getMove
FNDA:0,analyzePosition
FNDA:0,getIsAvailable
DA:1,1
DA:2,1
DA:3,1
DA:4,1
DA:5,1
DA:6,1
DA:7,1
DA:8,1
DA:9,1
DA:10,1
DA:11,1
DA:12,1
DA:13,1
DA:14,1
DA:15,1
DA:16,1
DA:17,1
DA:18,1
DA:19,1
DA:20,1
DA:21,1
DA:22,1
DA:23,1
DA:24,1
DA:25,1
DA:26,1
DA:27,1
DA:28,1
DA:29,1
DA:30,0
DA:31,0
DA:32,0
DA:33,1
DA:34,1
DA:35,1
DA:36,0
DA:37,0
DA:38,0
DA:39,1
DA:40,1
DA:41,1
DA:42,1
DA:43,1
DA:44,1
DA:45,1
DA:46,0
DA:47,0
DA:48,0
DA:49,0
DA:50,0
DA:51,0
DA:52,0
DA:53,1
DA:54,1
DA:55,1
DA:56,0
DA:57,0
DA:58,0
DA:59,0
DA:60,0
DA:61,0
DA:62,0
DA:63,0
DA:64,0
DA:65,0
DA:66,0
DA:67,0
DA:68,0
DA:69,0
DA:70,0
DA:71,0
DA:72,0
DA:73,0
DA:74,0
DA:75,0
DA:76,0
DA:77,0
DA:78,0
DA:79,0
DA:80,0
DA:81,0
DA:82,0
DA:83,0
DA:84,0
DA:85,0
DA:86,0
DA:87,0
DA:88,0
DA:89,0
DA:90,0
DA:91,1
DA:92,1
DA:93,0
DA:94,0
DA:95,0
DA:96,0
DA:97,0
DA:98,0
DA:99,0
DA:100,0
DA:101,0
DA:102,0
DA:103,0
DA:104,0
DA:105,0
DA:106,0
DA:107,0
DA:108,0
DA:109,0
DA:110,0
DA:111,0
DA:112,0
DA:113,0
DA:114,0
DA:115,0
DA:116,0
DA:117,0
DA:118,0
DA:119,0
DA:120,0
DA:121,0
DA:122,0
DA:123,1
DA:124,1
DA:125,0
DA:126,0
DA:127,1
DA:128,1
DA:129,1
DA:130,1
LF:130
LH:50
BRDA:22,0,0,1
BRDA:27,1,0,1
BRDA:29,2,0,0
BRDA:35,3,0,0
BRDA:35,4,0,0
BRDA:46,5,0,0
BRF:6
BRH:2
end_of_record
TN:
SF:src/utils/fenConverter.ts
FN:4,boardToFen
FNF:1
FNH:0
FNDA:0,boardToFen
DA:1,1
DA:2,1
DA:3,1
DA:4,1
DA:5,0
DA:6,0
DA:7,0
DA:8,0
DA:9,0
DA:10,0
DA:11,0
DA:12,0
DA:13,0
DA:14,0
DA:15,0
DA:16,0
DA:17,0
DA:18,0
DA:19,0
DA:20,0
DA:21,0
DA:22,0
DA:23,0
DA:24,0
DA:25,0
DA:26,0
DA:27,0
DA:28,0
DA:29,0
DA:30,0
DA:31,0
DA:32,0
DA:33,0
DA:34,0
DA:35,0
DA:36,0
DA:37,0
DA:38,0
DA:39,0
DA:40,0
DA:41,0
DA:42,0
DA:43,0
DA:44,0
DA:45,0
DA:46,0
DA:47,0
DA:48,0
DA:49,0
LF:49
LH:4
BRF:0
BRH:0
end_of_record
